Started by GitHub push by omarRaafat
Obtained Jenkinsfile from git https://github.com/omarRaafat/job101.git
[8mha:////4KdzMRC7uucU1BT3j7YQK7TeMQ1brxeBXSVLn3zyDatjAAAAoh+LCAAAAAAAAP9tjTEOwjAQBM8BClpKHuFItIiK1krDC0x8GCfWnbEdkooX8TX+gCESFVvtrLSa5wtWKcKBo5UdUu8otU4GP9jS5Mixv3geZcdn2TIl9igbHBs2eJyx4YwwR1SwULBGaj0nRzbDRnX6rmuvydanHMu2V1A5c4MHCFXMWcf8hSnC9jqYxPTz/BXAFEIGsfuclm8zQVqFvQAAAA==[0m[Pipeline] Start of Pipeline
[8mha:////4NV/jCZ49Dvjh32qhJJkSCxr/LZB9HJNoMTxNRawjuD6AAAApR+LCAAAAAAAAP9tjTEOwjAUQ3+KOrAycohUghExsUZZOEFIQkgb/d8mKe3EibgadyBQiQlLlmxL1nu+oE4RjhQdby12HpP2vA+jK4lPFLtroIm3dOGaMFGwXNpJkrGnpUrKFhaxClYC1hZ1oOTRZdiIVt1VExS65pxj2Q4CKm8GeAAThZxVzN8yR9jeRpMIf5y/AJj7DGxXvP/86jduZBmjwAAAAA==[0m[Pipeline] node
Running on [8mha:////4PYW4IELOXRKIYdSOyUp5chxIsI8sfPq9iBpuuMbZ0rXAAAApB+LCAAAAAAAAP9b85aBtbiIQTGjNKU4P08vOT+vOD8nVc83PyU1x6OyILUoJzMv2y+/JJUBAhiZGBgqihhk0NSjKDWzXb3RdlLBUSYGJk8GtpzUvPSSDB8G5tKinBIGIZ+sxLJE/ZzEvHT94JKizLx0a6BxUmjGOUNodHsLgAyeEgZJ/eT83ILSktQi/ZLU4hKgGapGLrmJmTn6AFDn2+nOAAAA[0mtesting-mail in /home/ubuntu/jenkins/workspace/job101-pipline
[8mha:////4Cjb7TLk+lmP1vt6lTTRZO0n/lJGZ0HzZPtgLqOp57MQAAAApR+LCAAAAAAAAP9tjTEOwjAUQ3+KOrAycoh0gA0xsUZZOEFIQkgb/d8mKe3EibgadyBQiQlLlmxL1nu+oE4RjhQdby12HpP2vA+jK4lPFLtroIm3dOGaMFGwXNpJkrGnpUrKFhaxClYC1hZ1oOTRZdiIVt1VExS65pxj2Q4CKm8GeAAThZxVzN8yR9jeRpMIf5y/AJj7DGxXvP/86jfoP95RwAAAAA==[0m[Pipeline] {
[8mha:////4LIlwARG8IL3rMtd1LEz8y7moCbhJV9HOANUzucJkAOuAAAApR+LCAAAAAAAAP9tjTEOwjAUQ3+KOrAycoh0gQkxsUZZOEFIQkgb/d8mKe3EibgadyBQiQlLlmxL1nu+oE4RjhQdby12HpP2vA+jK4lPFLtroIm3dOGaMFGwXNpJkrGnpUrKFhaxClYC1hZ1oOTRZdiIVt1VExS65pxj2Q4CKm8GeAAThZxVzN8yR9jeRpMIf5y/AJj7DGxXvP/86jc09154wAAAAA==[0m[Pipeline] stage
[8mha:////4APl594OhlUn9cJ7Y0466NG7FjERHlh30OBpMAVB1QFqAAAApR+LCAAAAAAAAP9tjTEOwjAUQ3+KOrAycoh0ggUxsUZZOEFIQkgb/d8mKe3EibgadyBQiQlLlmxL1nu+oE4RjhQdby12HpP2vA+jK4lPFLtroIm3dOGaMFGwXNpJkrGnpUrKFhaxClYC1hZ1oOTRZdiIVt1VExS65pxj2Q4CKm8GeAAThZxVzN8yR9jeRpMIf5y/AJj7DGxXvP/86jek7ggRwAAAAA==[0m[Pipeline] { (Declarative: Checkout SCM)
[8mha:////4I2ehsxLLpnqmRhDgxEPGI3ZesqOo2MqmWD6Z3TALlpLAAAAoh+LCAAAAAAAAP9tjTEOAiEURD9rLGwtPQTbaWGsbAmNJ0AWEZb8zwLrbuWJvJp3kLiJlZNMMm+a93rDOic4UbLcG+wdZu14DKOti0+U+lugiXu6ck2YKRguzSSpM+cFJRUDS1gDKwEbgzpQdmgLbIVXD9UGhba9lFS/o4DGdQM8gYlqLiqVL8wJdvexy4Q/z18BzLEA29ce4gfg7KmOvAAAAA==[0m[Pipeline] checkout
Selected Git installation does not exist. Using Default
The recommended git tool is: NONE
No credentials specified
Fetching changes from the remote Git repository
Checking out Revision 70c2e5a0c4d01a2c93c91dd196c74a03cf42dabf (origin/main)
Commit message: "Update Dockerfile"
 > git rev-parse --resolve-git-dir /home/ubuntu/jenkins/workspace/job101-pipline/.git # timeout=10
 > git config remote.origin.url https://github.com/omarRaafat/job101.git # timeout=10
Fetching upstream changes from https://github.com/omarRaafat/job101.git
 > git --version # timeout=10
 > git --version # 'git version 2.25.1'
 > git fetch --tags --force --progress -- https://github.com/omarRaafat/job101.git +refs/heads/*:refs/remotes/origin/* # timeout=10
 > git rev-parse origin/main^{commit} # timeout=10
 > git config core.sparsecheckout # timeout=10
 > git checkout -f 70c2e5a0c4d01a2c93c91dd196c74a03cf42dabf # timeout=10
 > git rev-list --no-walk 33999304bcae9d307dec3130ff3585f8046b6f17 # timeout=10
[8mha:////4I6/sGZMKsJA8cBWIpF0zUgzNxA+4QQ8Y69WHjQ6+niaAAAAoh+LCAAAAAAAAP9tjTEOAiEURD9rLGwtPQTbGRNjZUtoPAGyiLDkfxZYdytP5NW8g8RNrJxkknnTvNcb1jnBiZLl3mDvMGvHYxhtXXyi1N8CTdzTlWvCTMFwaSZJnTkvKKkYWMIaWAnYGNSBskNbYCu8eqg2KLTtpaT6HQU0rhvgCUxUc1GpfGFOsLuPXSb8ef4KYI6xADvU7j9Dg2gqvAAAAA==[0m[Pipeline] }
[8mha:////4AMBGlcjB0Ci6d0V57/EdL3tNkeM4CDIKSFPN2jNEajxAAAAoh+LCAAAAAAAAP9tjTEOAiEURD9rLGwtPQRbWRhjZUtoPAGyiLDkfxZYdytP5NW8g8RNrJxkknnTvNcb1jnBiZLl3mDvMGvHYxhtXXyi1N8CTdzTlWvCTMFwaSZJnTkvKKkYWMIaWAnYGNSBskNbYCu8eqg2KLTtpaT6HQU0rhvgCUxUc1GpfGFOsLuPXSb8ef4KYI6xADvU7j9J+wGOvAAAAA==[0m[Pipeline] // stage
[8mha:////4MkvA46ah+ogvAJF0bIRKKr1LC6qWrsm2LcO8/RzwsmBAAAAph+LCAAAAAAAAP9tjTEOwjAQBM9BKWgpeYQDEh2iorXc8AITG+PEugv2haTiRXyNPxCIRMVWOyut5vmCMic4UPKycdgGzHWQXez91ORAqb1EGmRDZ1kTZopOajdosu44oyZ2MEcUsFCwdFhHygE9w0o15m6qaNBXJ07TtldQBHuDBwg1mdkk/sKYYH3tbSb8ef4KYOwYxI6h2G4+x/INtuQqUcEAAAA=[0m[Pipeline] withEnv
[8mha:////4EbqDOGSy9f/8O5/DyBZo8UhKcbI5P9uRlRijyf5tDthAAAApR+LCAAAAAAAAP9tjTEOwjAUQ3+DOrAycoiUzoiJNerCCUITQtLo/zZJSSdOxNW4Ay2VmPBg2Zas93pDGQOcKBjuNHYWY2t570czJ54pdDdPmTu68pYwkte80bkhpc9rbShpWFUw2AjYamw9RYsmwU44+ZCVl2iqSwrzdhTArBrgCYWYyUmG9C1TgP19VJHwx/kLgKlPwOrDYvXyLD8BobDcwgAAAA==[0m[Pipeline] {
[8mha:////4BhnAFWAQQAaDqNKUbncyMDQiy5V67hk8KogN9ZZsjyIAAAAph+LCAAAAAAAAP9tjTEOwjAUQ3+LOrAycohUZUVMrFEWThCaEJJG/7dJSjpxIq7GHWipxIQHy7ZkvdcbqhjgRMEwp7GzGFvLej+aObFMobt5yszRlbWEkbxmQmdBSp/XKihpWFWUsOGw1dh6ihZNgh138iFrL9HUlxTm7cihtGqAJxR8JicZ0rdMAfb3UUXCH+cvAKY+Qdk0ix2WZ/UBbwyqm8IAAAA=[0m[Pipeline] stage
[8mha:////4HOJg2Jraz50zhuxmu6XJAd+M5TDbDQj3/W3B0H782mKAAAAph+LCAAAAAAAAP9tjTEOwjAUQ3+LOrAycohUwIiYukZZOEFoQkgb/V9+UtqJE3E17kBLJSY8WLYl673eUESGE7ETjcXWY6y96ELvpiQG4vYaaBANXURNGClYoeygyNhqqYqShUVZDisJa4t1oOjRJdjIRj90GTS68px42o4Scm/u8IRMTuSkOX3LyLC99SYS/jh/ATB2CfLdfrbD/Cw+y7kUycIAAAA=[0m[Pipeline] { (Clean Environment ....)
[8mha:////4PzOpLSc/JVJU315o1RIukhzy3La8aV1OI/g/2O0JGbyAAAApB+LCAAAAAAAAP9tjTEOwjAQBC9BFLSUPOIiBB2iSmu54QUmNsaJdWdsh6TiRXyNPxCIRMUWq51t5vmCZYpw5GixNdQ5So3D4Hs7LRw4dhfPA7Z8xoYpsTcozSBZm3pGydnAnKKEhYCVocZzcmQzrEWr7qryimx1ynH6DgJKp2/wgEJM5qxi/sIYYXPtdWL6ef4KYAwZyu3uU/vwBgq0rvS+AAAA[0m[Pipeline] echo
Environment Cleaning Process.....
[8mha:////4JiDUB7H3Xm/dptaHU3IXqOKXhh2M0Kjyr+z+oHt8njBAAAApB+LCAAAAAAAAP9tjTEOwjAQBC9BFLSUPOIihKgQVVrLDS8wsTFOrDtjOyQVL+Jr/IFAJCq2WO1sM88XLFOEI0eLraHOUWocBt/baeHAsbt4HrDlMzZMib1BaQbJ2tQzSs4G5hQlLASsDDWekyObYS1adVeVV2SrU47TdxBQOn2DBxRiMmcV8xfGCJtrrxPTz/NXAGPIUG53n9qHN0uFte2+AAAA[0m[Pipeline] sh
+ docker rm job101 -f
Error response from daemon: No such container: job101
+ docker system prune -f
Deleted build cache objects:
nkyfowqjd8t8a1v26cp83oxtx
supjjbx66vfym3pfhj6nvxol9
xfyaxcoe5ml49grl840iz68t1
qqlrubka8kltj7r9coh3f7cka
sde4hklgbwnw85ppz8wn0xzl1
k988vxzx8dghmkmuo6mjnpa9p
039kqiwwtleyam4saeikxnu6i
rv9mzktlwp8zbrx0i4toyxz83
yi868oq56mibi7r311wdcb0th
np3zxssos0yfcb85wa9ibmx7z
qom1yl9hslf7zzrnoewggpf2k
ty2rvw7v6enaj3ngj35jxwaj6

Total reclaimed space: 120.6MB
[8mha:////4Lplkljb/EcF5SWRE+OQDEPGOgxWI7YOaFKtYMuO5Xb5AAAApR+LCAAAAAAAAP9tjTEOwjAQBC9BFLSUPOIihESDqNJabniBiY1xYt0Z2yGpeBFf4w8EIlGxxWpnm3m+YJkiHDlabA11jlLjMPjeTgsHjt3F84Atn7FhSuwNSjNI1qaeUXI2MKcoYSFgZajxnBzZDGvRqruqvCJbnXKcvoOA0ukbPKAQkzmrmL8wRthce52Yfp6/AhhDyFBu95/avQEeFbpZvgAAAA==[0m[Pipeline] }
[8mha:////4L0kUbEfIkUtqe07F/xPhJi4ciR73Za50nyggcUKYqpfAAAApB+LCAAAAAAAAP9tjTEOwjAQBC9BFLSUPOIiaCgQVVrLDS8wsTFOrDtjOyQVL+Jr/IFAJCq2WO1sM88XLFOEI0eLraHOUWocBt/baeHAsbt4HrDlMzZMib1BaQbJ2tQzSs4G5hQlLASsDDWekyObYS1adVeVV2SrU47TdxBQOn2DBxRiMmcV8xfGCJtrrxPTz/NXAGMIGcrt/lO7Ny324eW+AAAA[0m[Pipeline] // stage
[8mha:////4FafM/YlvSY7j5we1Oxf+mDoBdKXycHYyhJx09/BUE0LAAAApx+LCAAAAAAAAP9tjTEOwjAUQ3+LOrAycohU3ZAQE2uUhROEJoSk0f9tkpJOnIircQdaKjHhwbItWe/1hioGOFEwzGnsLMbWst6PZk4sU+hunjJzdGUtYSSvmdBZkNLntQpKGlYVJWw4bDW2nqJFk2DHnXzI2ks09SWFeTtyKK0a4AkFn8lJhvQtU4D9fVSR8Mf5C4CpT1A2zWKH5Vl9AAkvMTrCAAAA[0m[Pipeline] stage
[8mha:////4JwATBzx7ybaMCONJcutx4GKNTtKYcNLpoiFnLFQ4XVqAAAApx+LCAAAAAAAAP9tjTEOwjAUQ3+LOrAycohUbCDE1DXKwglCE0La6P/yk9JOnIircQdaKjHhwbItWe/1hiIynIidaCy2HmPtRRd6NyUxELfXQINo6CJqwkjBCmUHRcZWS1WULCzKclhJWFusA0WPLsFGNvqhy6DRlefE03aUkHtzhydkciInzelbRobtrTeR8Mf5C4CxS5Dv9rMd5mfxASnCIIrCAAAA[0m[Pipeline] { (Building....)
[8mha:////4K3GGongKSe110P7/ckuVJbmDVgv2E1Gz1OHxkRSPrDSAAAApB+LCAAAAAAAAP9tjTEOwjAQBC9BFLSUPOICdAilorXc8AKTGOPEugu2g1PxIr7GH7CIRMUWq51t5vWGZfBQszfYaeothcbi4EaTFyb2/dVxwo4v2DAFdhqlTpJbfZpRctQwpyhhIWClqXEcLJkIa9Gph6qcIlOdo8/fUUBp2zs8oRDZHJWPX5g8bG5jG5h+nr8CmIYI5e6Qa78dPhmQ9Da+AAAA[0m[Pipeline] echo
Building...
[8mha:////4CabSUI3y8K7yFMOKZD+qtsb+PClb//7cOlWhyKrMRhGAAAApB+LCAAAAAAAAP9tjTEOwjAQBC9BFLSUPOKi0CFEldZKwwtMbIwT687YDknFi/gaf8AiEhVbrHa2mdcb1jHAiYPBXtNgKXYWvRtNXjhxGK6OJ+z5gh1TZKex1VPLSjcLtpw0LClKWAnYaOocR0smwVb08iErJ8lU5xTydxRQWnWHJxQim5MM6QtzgN1tVJHp5/krgNknKOtDrn3tP1ih7y++AAAA[0m[Pipeline] sh
+ sudo docker build /home/ubuntu/jenkins/workspace/job101-pipline -t job101
#1 [internal] load build definition from Dockerfile
#1 transferring dockerfile: 460B done
#1 DONE 0.0s

#2 [internal] load .dockerignore
#2 transferring context: 2B done
#2 DONE 0.0s

#3 [internal] load metadata for docker.io/library/nginx:latest
#3 DONE 2.1s

#4 [1/5] FROM docker.io/library/nginx@sha256:08bc36ad52474e528cc1ea3426b5e3f4bad8a130318e3140d6cfe29c8892c7ef
#4 resolve docker.io/library/nginx@sha256:08bc36ad52474e528cc1ea3426b5e3f4bad8a130318e3140d6cfe29c8892c7ef 0.0s done
#4 ...

#5 [internal] load build context
#5 transferring context: 5.41MB 0.1s done
#5 DONE 0.1s

#4 [1/5] FROM docker.io/library/nginx@sha256:08bc36ad52474e528cc1ea3426b5e3f4bad8a130318e3140d6cfe29c8892c7ef
#4 sha256:1bb5c4b86cb7c1e9f0209611dc2135d8a2c1c3a6436163970c99193787d067ea 1.78kB / 1.78kB done
#4 sha256:021283c8eb95be02b23db0de7f609d603553c6714785e7a673c6594a624ffbda 8.15kB / 8.15kB done
#4 sha256:08bc36ad52474e528cc1ea3426b5e3f4bad8a130318e3140d6cfe29c8892c7ef 1.86kB / 1.86kB done
#4 sha256:faef57eae888cbe4a5613eca6741b5e48d768b83f6088858aee9a5a2834f8151 0B / 29.12MB 0.2s
#4 sha256:76579e9ed380849b4d22696f292770963b5ea917a45ef77336a1a0a782b410b5 0B / 41.46MB 0.2s
#4 sha256:cf707e2339551222cafe3bf835fddfb859f26bf59058b3487de2b7659309b6b7 0B / 625B 0.2s
#4 sha256:cf707e2339551222cafe3bf835fddfb859f26bf59058b3487de2b7659309b6b7 625B / 625B 0.3s done
#4 sha256:91bb7937700d7d3496cf43cb0012e5f818064fecb766bd01041db23c127ab219 0B / 959B 0.3s
#4 sha256:faef57eae888cbe4a5613eca6741b5e48d768b83f6088858aee9a5a2834f8151 2.10MB / 29.12MB 0.6s
#4 sha256:76579e9ed380849b4d22696f292770963b5ea917a45ef77336a1a0a782b410b5 2.10MB / 41.46MB 0.6s
#4 sha256:91bb7937700d7d3496cf43cb0012e5f818064fecb766bd01041db23c127ab219 959B / 959B 0.6s done
#4 sha256:4b962717ba558b7dfabe88c40e20ac86844b132015b66002deac49010cc96be1 0B / 367B 0.6s
#4 sha256:faef57eae888cbe4a5613eca6741b5e48d768b83f6088858aee9a5a2834f8151 4.19MB / 29.12MB 0.9s
#4 sha256:76579e9ed380849b4d22696f292770963b5ea917a45ef77336a1a0a782b410b5 4.19MB / 41.46MB 0.9s
#4 sha256:4b962717ba558b7dfabe88c40e20ac86844b132015b66002deac49010cc96be1 367B / 367B 0.9s done
#4 sha256:f46d7b05649a846d7e24418b6ecea3b1efbdac88d361631e849e9c41917ba776 0B / 1.21kB 0.9s
#4 sha256:faef57eae888cbe4a5613eca6741b5e48d768b83f6088858aee9a5a2834f8151 6.29MB / 29.12MB 1.2s
#4 sha256:76579e9ed380849b4d22696f292770963b5ea917a45ef77336a1a0a782b410b5 7.34MB / 41.46MB 1.2s
#4 sha256:f46d7b05649a846d7e24418b6ecea3b1efbdac88d361631e849e9c41917ba776 1.21kB / 1.21kB 1.1s done
#4 sha256:103501419a0aecf94398ffcc7404f22931d9b89bbb6021391c2cd4a286f37ca9 0B / 1.41kB 1.2s
#4 sha256:faef57eae888cbe4a5613eca6741b5e48d768b83f6088858aee9a5a2834f8151 8.39MB / 29.12MB 1.4s
#4 sha256:faef57eae888cbe4a5613eca6741b5e48d768b83f6088858aee9a5a2834f8151 10.49MB / 29.12MB 1.6s
#4 sha256:76579e9ed380849b4d22696f292770963b5ea917a45ef77336a1a0a782b410b5 10.49MB / 41.46MB 1.6s
#4 sha256:103501419a0aecf94398ffcc7404f22931d9b89bbb6021391c2cd4a286f37ca9 1.41kB / 1.41kB 1.4s done
#4 sha256:faef57eae888cbe4a5613eca6741b5e48d768b83f6088858aee9a5a2834f8151 14.68MB / 29.12MB 1.9s
#4 sha256:76579e9ed380849b4d22696f292770963b5ea917a45ef77336a1a0a782b410b5 12.58MB / 41.46MB 1.9s
#4 sha256:faef57eae888cbe4a5613eca6741b5e48d768b83f6088858aee9a5a2834f8151 17.83MB / 29.12MB 2.1s
#4 sha256:faef57eae888cbe4a5613eca6741b5e48d768b83f6088858aee9a5a2834f8151 20.97MB / 29.12MB 2.3s
#4 sha256:76579e9ed380849b4d22696f292770963b5ea917a45ef77336a1a0a782b410b5 15.73MB / 41.46MB 2.3s
#4 sha256:faef57eae888cbe4a5613eca6741b5e48d768b83f6088858aee9a5a2834f8151 23.07MB / 29.12MB 2.7s
#4 sha256:76579e9ed380849b4d22696f292770963b5ea917a45ef77336a1a0a782b410b5 17.83MB / 41.46MB 2.8s
#4 sha256:faef57eae888cbe4a5613eca6741b5e48d768b83f6088858aee9a5a2834f8151 26.21MB / 29.12MB 3.1s
#4 sha256:76579e9ed380849b4d22696f292770963b5ea917a45ef77336a1a0a782b410b5 20.97MB / 41.46MB 3.1s
#4 sha256:faef57eae888cbe4a5613eca6741b5e48d768b83f6088858aee9a5a2834f8151 28.31MB / 29.12MB 3.4s
#4 sha256:76579e9ed380849b4d22696f292770963b5ea917a45ef77336a1a0a782b410b5 23.07MB / 41.46MB 3.4s
#4 extracting sha256:faef57eae888cbe4a5613eca6741b5e48d768b83f6088858aee9a5a2834f8151
#4 sha256:faef57eae888cbe4a5613eca6741b5e48d768b83f6088858aee9a5a2834f8151 29.12MB / 29.12MB 3.5s done
#4 sha256:76579e9ed380849b4d22696f292770963b5ea917a45ef77336a1a0a782b410b5 25.17MB / 41.46MB 3.7s
#4 sha256:76579e9ed380849b4d22696f292770963b5ea917a45ef77336a1a0a782b410b5 27.26MB / 41.46MB 3.9s
#4 sha256:76579e9ed380849b4d22696f292770963b5ea917a45ef77336a1a0a782b410b5 29.36MB / 41.46MB 4.1s
#4 sha256:76579e9ed380849b4d22696f292770963b5ea917a45ef77336a1a0a782b410b5 32.51MB / 41.46MB 4.3s
#4 sha256:76579e9ed380849b4d22696f292770963b5ea917a45ef77336a1a0a782b410b5 36.70MB / 41.46MB 4.5s
#4 sha256:76579e9ed380849b4d22696f292770963b5ea917a45ef77336a1a0a782b410b5 40.89MB / 41.46MB 4.9s
#4 extracting sha256:faef57eae888cbe4a5613eca6741b5e48d768b83f6088858aee9a5a2834f8151 1.3s done
#4 sha256:76579e9ed380849b4d22696f292770963b5ea917a45ef77336a1a0a782b410b5 41.46MB / 41.46MB 5.0s done
#4 extracting sha256:76579e9ed380849b4d22696f292770963b5ea917a45ef77336a1a0a782b410b5
#4 extracting sha256:76579e9ed380849b4d22696f292770963b5ea917a45ef77336a1a0a782b410b5 1.2s done
#4 extracting sha256:cf707e2339551222cafe3bf835fddfb859f26bf59058b3487de2b7659309b6b7 done
#4 extracting sha256:91bb7937700d7d3496cf43cb0012e5f818064fecb766bd01041db23c127ab219 done
#4 extracting sha256:4b962717ba558b7dfabe88c40e20ac86844b132015b66002deac49010cc96be1 done
#4 extracting sha256:f46d7b05649a846d7e24418b6ecea3b1efbdac88d361631e849e9c41917ba776 done
#4 extracting sha256:103501419a0aecf94398ffcc7404f22931d9b89bbb6021391c2cd4a286f37ca9 done
#4 DONE 6.4s

#6 [2/5] RUN  apt-get update &&  apt-get upgrade -y
#6 0.417 Get:1 http://deb.debian.org/debian bookworm InRelease [147 kB]
#6 0.636 Get:2 http://deb.debian.org/debian bookworm-updates InRelease [52.1 kB]
#6 0.718 Get:3 http://deb.debian.org/debian-security bookworm-security InRelease [48.0 kB]
#6 0.802 Get:4 http://deb.debian.org/debian bookworm/main amd64 Packages [8904 kB]
#6 1.289 Get:5 http://deb.debian.org/debian-security bookworm-security/main amd64 Packages [47.3 kB]
#6 2.237 Fetched 9199 kB in 2s (4535 kB/s)
#6 2.237 Reading package lists...
#6 2.737 Reading package lists...
#6 3.247 Building dependency tree...
#6 3.379 Reading state information...
#6 3.403 Calculating upgrade...
#6 3.551 0 upgraded, 0 newly installed, 0 to remove and 0 not upgraded.
#6 DONE 4.5s

#7 [3/5] RUN  apt-get install software-properties-common apt-transport-https -y && add-apt-repository ppa:ondrej/php -y
#7 0.366 Reading package lists...
#7 0.864 Building dependency tree...
#7 0.981 Reading state information...
#7 1.111 The following additional packages will be installed:
#7 1.111   appstream dbus dbus-bin dbus-daemon dbus-session-bus-common
#7 1.111   dbus-system-bus-common dbus-user-session dirmngr distro-info-data dmsetup
#7 1.111   gir1.2-glib-2.0 gir1.2-packagekitglib-1.0 gnupg gnupg-l10n gnupg-utils gpg
#7 1.111   gpg-agent gpg-wks-client gpg-wks-server gpgconf gpgsm iso-codes libapparmor1
#7 1.111   libappstream4 libargon2-1 libassuan0 libcap2-bin libcryptsetup12
#7 1.111   libcurl3-gnutls libdbus-1-3 libdevmapper1.02.1 libduktape207 libdw1 libelf1
#7 1.112   libfdisk1 libgirepository-1.0-1 libglib2.0-0 libglib2.0-bin libglib2.0-data
#7 1.112   libgpm2 libgstreamer1.0-0 libip4tc2 libjson-c5 libkmod2 libksba8
#7 1.112   libncursesw6 libnpth0 libnsl2 libnss-systemd libpackagekit-glib2-18
#7 1.112   libpam-cap libpam-systemd libpolkit-agent-1-0 libpolkit-gobject-1-0
#7 1.112   libpython3-stdlib libpython3.11-minimal libpython3.11-stdlib libsqlite3-0
#7 1.112   libstemmer0d libsystemd-shared libtirpc-common libtirpc3 libunwind8 libxmlb2
#7 1.112   libyaml-0-2 lsb-release media-types packagekit packagekit-tools
#7 1.112   pinentry-curses polkitd python-apt-common python3 python3-apt
#7 1.112   python3-blinker python3-cffi-backend python3-cryptography python3-dbus
#7 1.112   python3-distro python3-gi python3-httplib2 python3-jwt
#7 1.112   python3-lazr.restfulclient python3-lazr.uri python3-minimal python3-oauthlib
#7 1.112   python3-pkg-resources python3-pyparsing python3-six
#7 1.113   python3-software-properties python3-wadllib python3.11 python3.11-minimal
#7 1.113   sgml-base shared-mime-info systemd systemd-sysv systemd-timesyncd
#7 1.113   xdg-user-dirs xml-core
#7 1.114 Suggested packages:
#7 1.114   apt-config-icons pinentry-gnome3 tor parcimonie xloadimage scdaemon isoquery
#7 1.114   low-memory-monitor gpm gstreamer1.0-tools pinentry-doc polkitd-pkla
#7 1.114   python3-doc python3-tk python3-venv python-apt-doc python-blinker-doc
#7 1.114   python-cryptography-doc python3-cryptography-vectors python-dbus-doc
#7 1.114   python3-crypto python3-setuptools python-pyparsing-doc python3.11-venv
#7 1.114   python3.11-doc binutils binfmt-support sgml-base-doc systemd-container
#7 1.114   systemd-homed systemd-userdbd systemd-boot systemd-resolved libfido2-1
#7 1.114   libqrencode4 libtss2-esys-3.0.2-0 libtss2-mu0 libtss2-rc0 debhelper
#7 1.648 The following NEW packages will be installed:
#7 1.648   appstream apt-transport-https dbus dbus-bin dbus-daemon
#7 1.648   dbus-session-bus-common dbus-system-bus-common dbus-user-session dirmngr
#7 1.648   distro-info-data dmsetup gir1.2-glib-2.0 gir1.2-packagekitglib-1.0 gnupg
#7 1.648   gnupg-l10n gnupg-utils gpg gpg-agent gpg-wks-client gpg-wks-server gpgconf
#7 1.648   gpgsm iso-codes libapparmor1 libappstream4 libargon2-1 libassuan0
#7 1.648   libcap2-bin libcryptsetup12 libcurl3-gnutls libdbus-1-3 libdevmapper1.02.1
#7 1.649   libduktape207 libdw1 libelf1 libfdisk1 libgirepository-1.0-1 libglib2.0-0
#7 1.649   libglib2.0-bin libglib2.0-data libgpm2 libgstreamer1.0-0 libip4tc2
#7 1.649   libjson-c5 libkmod2 libksba8 libncursesw6 libnpth0 libnsl2 libnss-systemd
#7 1.649   libpackagekit-glib2-18 libpam-cap libpam-systemd libpolkit-agent-1-0
#7 1.649   libpolkit-gobject-1-0 libpython3-stdlib libpython3.11-minimal
#7 1.649   libpython3.11-stdlib libsqlite3-0 libstemmer0d libsystemd-shared
#7 1.649   libtirpc-common libtirpc3 libunwind8 libxmlb2 libyaml-0-2 lsb-release
#7 1.650   media-types packagekit packagekit-tools pinentry-curses polkitd
#7 1.650   python-apt-common python3 python3-apt python3-blinker python3-cffi-backend
#7 1.650   python3-cryptography python3-dbus python3-distro python3-gi python3-httplib2
#7 1.650   python3-jwt python3-lazr.restfulclient python3-lazr.uri python3-minimal
#7 1.650   python3-oauthlib python3-pkg-resources python3-pyparsing python3-six
#7 1.650   python3-software-properties python3-wadllib python3.11 python3.11-minimal
#7 1.650   sgml-base shared-mime-info software-properties-common systemd systemd-sysv
#7 1.650   systemd-timesyncd xdg-user-dirs xml-core
#7 1.868 0 upgraded, 102 newly installed, 0 to remove and 0 not upgraded.
#7 1.868 Need to get 34.0 MB of archives.
#7 1.868 After this operation, 129 MB of additional disk space will be used.
#7 1.868 Get:1 http://deb.debian.org/debian bookworm/main amd64 libargon2-1 amd64 0~20171227-0.3+deb12u1 [19.4 kB]
#7 1.941 Get:2 http://deb.debian.org/debian bookworm/main amd64 dmsetup amd64 2:1.02.185-2 [82.0 kB]
#7 2.026 Get:3 http://deb.debian.org/debian bookworm/main amd64 libdevmapper1.02.1 amd64 2:1.02.185-2 [133 kB]
#7 2.102 Get:4 http://deb.debian.org/debian bookworm/main amd64 libjson-c5 amd64 0.16-2 [44.1 kB]
#7 2.139 Get:5 http://deb.debian.org/debian bookworm/main amd64 libcryptsetup12 amd64 2:2.6.1-4~deb12u1 [223 kB]
#7 2.173 Get:6 http://deb.debian.org/debian bookworm/main amd64 libfdisk1 amd64 2.38.1-5+b1 [194 kB]
#7 2.216 Get:7 http://deb.debian.org/debian bookworm/main amd64 libkmod2 amd64 30+20221128-1 [57.9 kB]
#7 2.221 Get:8 http://deb.debian.org/debian bookworm/main amd64 libapparmor1 amd64 3.0.8-3 [41.2 kB]
#7 2.226 Get:9 http://deb.debian.org/debian bookworm/main amd64 libip4tc2 amd64 1.8.9-2 [19.0 kB]
#7 2.227 Get:10 http://deb.debian.org/debian bookworm/main amd64 libsystemd-shared amd64 252.6-1 [1685 kB]
#7 2.339 Get:11 http://deb.debian.org/debian bookworm/main amd64 systemd amd64 252.6-1 [3018 kB]
#7 2.413 Get:12 http://deb.debian.org/debian bookworm/main amd64 systemd-sysv amd64 252.6-1 [41.5 kB]
#7 2.414 Get:13 http://deb.debian.org/debian bookworm/main amd64 libdbus-1-3 amd64 1.14.6-1 [200 kB]
#7 2.415 Get:14 http://deb.debian.org/debian bookworm/main amd64 dbus-bin amd64 1.14.6-1 [104 kB]
#7 2.417 Get:15 http://deb.debian.org/debian bookworm/main amd64 dbus-session-bus-common all 1.14.6-1 [76.6 kB]
#7 2.417 Get:16 http://deb.debian.org/debian bookworm/main amd64 dbus-daemon amd64 1.14.6-1 [182 kB]
#7 2.419 Get:17 http://deb.debian.org/debian bookworm/main amd64 dbus-system-bus-common all 1.14.6-1 [77.7 kB]
#7 2.420 Get:18 http://deb.debian.org/debian bookworm/main amd64 dbus amd64 1.14.6-1 [95.7 kB]
#7 2.421 Get:19 http://deb.debian.org/debian bookworm/main amd64 libpython3.11-minimal amd64 3.11.2-6 [813 kB]
#7 2.440 Get:20 http://deb.debian.org/debian bookworm/main amd64 python3.11-minimal amd64 3.11.2-6 [2064 kB]
#7 2.485 Get:21 http://deb.debian.org/debian bookworm/main amd64 python3-minimal amd64 3.11.2-1+b1 [26.3 kB]
#7 2.547 Get:22 http://deb.debian.org/debian bookworm/main amd64 media-types all 10.0.0 [26.1 kB]
#7 2.549 Get:23 http://deb.debian.org/debian bookworm/main amd64 libncursesw6 amd64 6.4-4 [134 kB]
#7 2.551 Get:24 http://deb.debian.org/debian bookworm/main amd64 libtirpc-common all 1.3.3+ds-1 [14.0 kB]
#7 2.553 Get:25 http://deb.debian.org/debian bookworm/main amd64 libtirpc3 amd64 1.3.3+ds-1 [85.2 kB]
#7 2.558 Get:26 http://deb.debian.org/debian bookworm/main amd64 libnsl2 amd64 1.3.0-2 [39.5 kB]
#7 2.560 Get:27 http://deb.debian.org/debian bookworm/main amd64 libsqlite3-0 amd64 3.40.1-2 [837 kB]
#7 2.569 Get:28 http://deb.debian.org/debian bookworm/main amd64 libpython3.11-stdlib amd64 3.11.2-6 [1796 kB]
#7 2.581 Get:29 http://deb.debian.org/debian bookworm/main amd64 python3.11 amd64 3.11.2-6 [572 kB]
#7 2.627 Get:30 http://deb.debian.org/debian bookworm/main amd64 libpython3-stdlib amd64 3.11.2-1+b1 [9312 B]
#7 2.628 Get:31 http://deb.debian.org/debian bookworm/main amd64 python3 amd64 3.11.2-1+b1 [26.3 kB]
#7 2.679 Get:32 http://deb.debian.org/debian bookworm/main amd64 sgml-base all 1.31 [15.4 kB]
#7 2.682 Get:33 http://deb.debian.org/debian bookworm/main amd64 libnss-systemd amd64 252.6-1 [163 kB]
#7 2.689 Get:34 http://deb.debian.org/debian bookworm/main amd64 libpam-systemd amd64 252.6-1 [223 kB]
#7 2.699 Get:35 http://deb.debian.org/debian bookworm/main amd64 systemd-timesyncd amd64 252.6-1 [62.5 kB]
#7 2.701 Get:36 http://deb.debian.org/debian bookworm/main amd64 libglib2.0-0 amd64 2.74.6-2 [1398 kB]
#7 2.710 Get:37 http://deb.debian.org/debian bookworm/main amd64 shared-mime-info amd64 2.2-1 [729 kB]
#7 2.715 Get:38 http://deb.debian.org/debian bookworm/main amd64 libcurl3-gnutls amd64 7.88.1-10 [381 kB]
#7 2.744 Get:39 http://deb.debian.org/debian bookworm/main amd64 libstemmer0d amd64 2.2.0-2 [118 kB]
#7 2.745 Get:40 http://deb.debian.org/debian bookworm/main amd64 libxmlb2 amd64 0.3.10-2 [60.2 kB]
#7 2.749 Get:41 http://deb.debian.org/debian bookworm/main amd64 libyaml-0-2 amd64 0.2.5-1 [53.6 kB]
#7 2.807 Get:42 http://deb.debian.org/debian bookworm/main amd64 libappstream4 amd64 0.16.1-2 [199 kB]
#7 2.810 Get:43 http://deb.debian.org/debian bookworm/main amd64 appstream amd64 0.16.1-2 [407 kB]
#7 2.813 Get:44 http://deb.debian.org/debian bookworm/main amd64 apt-transport-https all 2.6.1 [25.2 kB]
#7 2.819 Get:45 http://deb.debian.org/debian bookworm/main amd64 dbus-user-session amd64 1.14.6-1 [76.5 kB]
#7 2.825 Get:46 http://deb.debian.org/debian bookworm/main amd64 libassuan0 amd64 2.5.5-5 [48.5 kB]
#7 2.829 Get:47 http://deb.debian.org/debian bookworm/main amd64 gpgconf amd64 2.2.40-1.1 [564 kB]
#7 2.833 Get:48 http://deb.debian.org/debian bookworm/main amd64 libksba8 amd64 1.6.3-2 [128 kB]
#7 2.871 Get:49 http://deb.debian.org/debian bookworm/main amd64 libnpth0 amd64 1.6-3 [19.0 kB]
#7 2.872 Get:50 http://deb.debian.org/debian bookworm/main amd64 dirmngr amd64 2.2.40-1.1 [792 kB]
#7 2.878 Get:51 http://deb.debian.org/debian bookworm/main amd64 distro-info-data all 0.58 [5848 B]
#7 2.938 Get:52 http://deb.debian.org/debian bookworm/main amd64 libgirepository-1.0-1 amd64 1.74.0-3 [101 kB]
#7 2.947 Get:53 http://deb.debian.org/debian bookworm/main amd64 gir1.2-glib-2.0 amd64 1.74.0-3 [159 kB]
#7 2.954 Get:54 http://deb.debian.org/debian bookworm/main amd64 libpackagekit-glib2-18 amd64 1.2.6-5 [113 kB]
#7 2.960 Get:55 http://deb.debian.org/debian bookworm/main amd64 gir1.2-packagekitglib-1.0 amd64 1.2.6-5 [25.9 kB]
#7 2.968 Get:56 http://deb.debian.org/debian bookworm/main amd64 gnupg-l10n all 2.2.40-1.1 [1093 kB]
#7 2.975 Get:57 http://deb.debian.org/debian bookworm/main amd64 gnupg-utils amd64 2.2.40-1.1 [927 kB]
#7 2.981 Get:58 http://deb.debian.org/debian bookworm/main amd64 gpg amd64 2.2.40-1.1 [949 kB]
#7 3.018 Get:59 http://deb.debian.org/debian bookworm/main amd64 pinentry-curses amd64 1.2.1-1 [77.4 kB]
#7 3.028 Get:60 http://deb.debian.org/debian bookworm/main amd64 gpg-agent amd64 2.2.40-1.1 [695 kB]
#7 3.038 Get:61 http://deb.debian.org/debian bookworm/main amd64 gpg-wks-client amd64 2.2.40-1.1 [541 kB]
#7 3.067 Get:62 http://deb.debian.org/debian bookworm/main amd64 gpg-wks-server amd64 2.2.40-1.1 [531 kB]
#7 3.075 Get:63 http://deb.debian.org/debian bookworm/main amd64 gpgsm amd64 2.2.40-1.1 [671 kB]
#7 3.084 Get:64 http://deb.debian.org/debian bookworm/main amd64 gnupg all 2.2.40-1.1 [846 kB]
#7 3.217 Get:65 http://deb.debian.org/debian bookworm/main amd64 iso-codes all 4.15.0-1 [2906 kB]
#7 3.366 Get:66 http://deb.debian.org/debian bookworm/main amd64 libcap2-bin amd64 1:2.66-4 [34.7 kB]
#7 3.367 Get:67 http://deb.debian.org/debian bookworm/main amd64 libduktape207 amd64 2.7.0-2 [134 kB]
#7 3.371 Get:68 http://deb.debian.org/debian bookworm/main amd64 libelf1 amd64 0.188-2.1 [174 kB]
#7 3.402 Get:69 http://deb.debian.org/debian bookworm/main amd64 libdw1 amd64 0.188-2.1 [235 kB]
#7 3.411 Get:70 http://deb.debian.org/debian bookworm/main amd64 libglib2.0-data all 2.74.6-2 [1207 kB]
#7 3.545 Get:71 http://deb.debian.org/debian bookworm/main amd64 libglib2.0-bin amd64 2.74.6-2 [110 kB]
#7 3.581 Get:72 http://deb.debian.org/debian bookworm/main amd64 libgpm2 amd64 1.20.7-10+b1 [14.2 kB]
#7 3.582 Get:73 http://deb.debian.org/debian bookworm/main amd64 libunwind8 amd64 1.6.2-3 [51.2 kB]
#7 3.583 Get:74 http://deb.debian.org/debian bookworm/main amd64 libgstreamer1.0-0 amd64 1.22.0-2 [1169 kB]
#7 3.663 Get:75 http://deb.debian.org/debian bookworm/main amd64 libpam-cap amd64 1:2.66-4 [14.5 kB]
#7 3.663 Get:76 http://deb.debian.org/debian bookworm/main amd64 libpolkit-gobject-1-0 amd64 122-3 [43.9 kB]
#7 3.664 Get:77 http://deb.debian.org/debian bookworm/main amd64 libpolkit-agent-1-0 amd64 122-3 [24.4 kB]
#7 3.665 Get:78 http://deb.debian.org/debian bookworm/main amd64 lsb-release all 12.0-1 [6416 B]
#7 3.665 Get:79 http://deb.debian.org/debian bookworm/main amd64 xml-core all 0.18+nmu1 [23.8 kB]
#7 3.668 Get:80 http://deb.debian.org/debian bookworm/main amd64 polkitd amd64 122-3 [112 kB]
#7 3.699 Get:81 http://deb.debian.org/debian bookworm/main amd64 packagekit amd64 1.2.6-5 [610 kB]
#7 3.732 Get:82 http://deb.debian.org/debian bookworm/main amd64 packagekit-tools amd64 1.2.6-5 [30.9 kB]
#7 3.733 Get:83 http://deb.debian.org/debian bookworm/main amd64 python-apt-common all 2.6.0 [64.3 kB]
#7 3.750 Get:84 http://deb.debian.org/debian bookworm/main amd64 python3-apt amd64 2.6.0 [159 kB]
#7 3.771 Get:85 http://deb.debian.org/debian bookworm/main amd64 python3-blinker all 1.5-1 [14.7 kB]
#7 3.775 Get:86 http://deb.debian.org/debian bookworm/main amd64 python3-cffi-backend amd64 1.15.1-5+b1 [84.6 kB]
#7 3.777 Get:87 http://deb.debian.org/debian bookworm/main amd64 python3-cryptography amd64 38.0.4-3 [666 kB]
#7 3.794 Get:88 http://deb.debian.org/debian bookworm/main amd64 python3-dbus amd64 1.3.2-4+b1 [95.1 kB]
#7 3.800 Get:89 http://deb.debian.org/debian bookworm/main amd64 python3-distro all 1.8.0-1 [20.5 kB]
#7 3.809 Get:90 http://deb.debian.org/debian bookworm/main amd64 python3-gi amd64 3.42.2-3+b1 [219 kB]
#7 3.815 Get:91 http://deb.debian.org/debian bookworm/main amd64 python3-pyparsing all 3.0.9-1 [138 kB]
#7 3.830 Get:92 http://deb.debian.org/debian bookworm/main amd64 python3-httplib2 all 0.20.4-3 [36.0 kB]
#7 3.837 Get:93 http://deb.debian.org/debian bookworm/main amd64 python3-jwt all 2.6.0-1 [26.6 kB]
#7 3.876 Get:94 http://deb.debian.org/debian bookworm/main amd64 python3-pkg-resources all 66.1.1-1 [296 kB]
#7 3.883 Get:95 http://deb.debian.org/debian bookworm/main amd64 python3-lazr.uri all 1.0.6-3 [13.7 kB]
#7 3.885 Get:96 http://deb.debian.org/debian bookworm/main amd64 python3-wadllib all 1.3.6-4 [37.2 kB]
#7 3.887 Get:97 http://deb.debian.org/debian bookworm/main amd64 python3-oauthlib all 3.2.2-1 [95.4 kB]
#7 3.893 Get:98 http://deb.debian.org/debian bookworm/main amd64 python3-six all 1.16.0-4 [17.5 kB]
#7 3.895 Get:99 http://deb.debian.org/debian bookworm/main amd64 python3-lazr.restfulclient all 0.14.5-1 [50.4 kB]
#7 3.941 Get:100 http://deb.debian.org/debian bookworm/main amd64 python3-software-properties all 0.99.30-4 [32.7 kB]
#7 3.943 Get:101 http://deb.debian.org/debian bookworm/main amd64 software-properties-common all 0.99.30-4 [62.0 kB]
#7 3.945 Get:102 http://deb.debian.org/debian bookworm/main amd64 xdg-user-dirs amd64 0.18-1 [54.4 kB]
#7 4.067 debconf: delaying package configuration, since apt-utils is not installed
#7 4.090 Fetched 34.0 MB in 2s (14.9 MB/s)
#7 4.106 Selecting previously unselected package libargon2-1:amd64.
#7 4.106 (Reading database ... (Reading database ... 5%(Reading database ... 10%(Reading database ... 15%(Reading database ... 20%(Reading database ... 25%(Reading database ... 30%(Reading database ... 35%(Reading database ... 40%(Reading database ... 45%(Reading database ... 50%(Reading database ... 55%(Reading database ... 60%(Reading database ... 65%(Reading database ... 70%(Reading database ... 75%(Reading database ... 80%(Reading database ... 85%(Reading database ... 90%(Reading database ... 95%(Reading database ... 100%(Reading database ... 7604 files and directories currently installed.)
#7 4.114 Preparing to unpack .../00-libargon2-1_0~20171227-0.3+deb12u1_amd64.deb ...
#7 4.118 Unpacking libargon2-1:amd64 (0~20171227-0.3+deb12u1) ...
#7 4.149 Selecting previously unselected package dmsetup.
#7 4.151 Preparing to unpack .../01-dmsetup_2%3a1.02.185-2_amd64.deb ...
#7 4.153 Unpacking dmsetup (2:1.02.185-2) ...
#7 4.183 Selecting previously unselected package libdevmapper1.02.1:amd64.
#7 4.183 Preparing to unpack .../02-libdevmapper1.02.1_2%3a1.02.185-2_amd64.deb ...
#7 4.185 Unpacking libdevmapper1.02.1:amd64 (2:1.02.185-2) ...
#7 4.217 Selecting previously unselected package libjson-c5:amd64.
#7 4.217 Preparing to unpack .../03-libjson-c5_0.16-2_amd64.deb ...
#7 4.219 Unpacking libjson-c5:amd64 (0.16-2) ...
#7 4.243 Selecting previously unselected package libcryptsetup12:amd64.
#7 4.244 Preparing to unpack .../04-libcryptsetup12_2%3a2.6.1-4~deb12u1_amd64.deb ...
#7 4.247 Unpacking libcryptsetup12:amd64 (2:2.6.1-4~deb12u1) ...
#7 4.285 Selecting previously unselected package libfdisk1:amd64.
#7 4.287 Preparing to unpack .../05-libfdisk1_2.38.1-5+b1_amd64.deb ...
#7 4.289 Unpacking libfdisk1:amd64 (2.38.1-5+b1) ...
#7 4.326 Selecting previously unselected package libkmod2:amd64.
#7 4.327 Preparing to unpack .../06-libkmod2_30+20221128-1_amd64.deb ...
#7 4.329 Unpacking libkmod2:amd64 (30+20221128-1) ...
#7 4.356 Selecting previously unselected package libapparmor1:amd64.
#7 4.356 Preparing to unpack .../07-libapparmor1_3.0.8-3_amd64.deb ...
#7 4.358 Unpacking libapparmor1:amd64 (3.0.8-3) ...
#7 4.386 Selecting previously unselected package libip4tc2:amd64.
#7 4.386 Preparing to unpack .../08-libip4tc2_1.8.9-2_amd64.deb ...
#7 4.386 Unpacking libip4tc2:amd64 (1.8.9-2) ...
#7 4.420 Selecting previously unselected package libsystemd-shared:amd64.
#7 4.420 Preparing to unpack .../09-libsystemd-shared_252.6-1_amd64.deb ...
#7 4.422 Unpacking libsystemd-shared:amd64 (252.6-1) ...
#7 4.582 Selecting previously unselected package systemd.
#7 4.582 Preparing to unpack .../10-systemd_252.6-1_amd64.deb ...
#7 4.595 Unpacking systemd (252.6-1) ...
#7 4.878 Setting up libargon2-1:amd64 (0~20171227-0.3+deb12u1) ...
#7 4.885 Setting up libjson-c5:amd64 (0.16-2) ...
#7 4.891 Setting up libfdisk1:amd64 (2.38.1-5+b1) ...
#7 4.898 Setting up libkmod2:amd64 (30+20221128-1) ...
#7 4.904 Setting up libapparmor1:amd64 (3.0.8-3) ...
#7 4.910 Setting up libip4tc2:amd64 (1.8.9-2) ...
#7 4.918 Setting up libsystemd-shared:amd64 (252.6-1) ...
#7 4.931 Setting up libdevmapper1.02.1:amd64 (2:1.02.185-2) ...
#7 4.937 Setting up libcryptsetup12:amd64 (2:2.6.1-4~deb12u1) ...
#7 4.943 Setting up systemd (252.6-1) ...
#7 4.972 Created symlink /etc/systemd/system/getty.target.wants/getty@tty1.service â†’ /lib/systemd/system/getty@.service.
#7 4.976 Created symlink /etc/systemd/system/multi-user.target.wants/remote-fs.target â†’ /lib/systemd/system/remote-fs.target.
#7 4.981 Created symlink /etc/systemd/system/sysinit.target.wants/systemd-pstore.service â†’ /lib/systemd/system/systemd-pstore.service.
#7 4.985 Initializing machine ID from random generator.
#7 5.007 Creating group 'systemd-journal' with GID 999.
#7 5.007 Creating group 'systemd-network' with GID 998.
#7 5.007 Creating user 'systemd-network' (systemd Network Management) with UID 998 and GID 998.
#7 5.038 Setting up dmsetup (2:1.02.185-2) ...
#7 5.076 Selecting previously unselected package systemd-sysv.
#7 5.076 (Reading database ... (Reading database ... 5%(Reading database ... 10%(Reading database ... 15%(Reading database ... 20%(Reading database ... 25%(Reading database ... 30%(Reading database ... 35%(Reading database ... 40%(Reading database ... 45%(Reading database ... 50%(Reading database ... 55%(Reading database ... 60%(Reading database ... 65%(Reading database ... 70%(Reading database ... 75%(Reading database ... 80%(Reading database ... 85%(Reading database ... 90%(Reading database ... 95%(Reading database ... 100%(Reading database ... 8523 files and directories currently installed.)
#7 5.082 Preparing to unpack .../0-systemd-sysv_252.6-1_amd64.deb ...
#7 5.084 Unpacking systemd-sysv (252.6-1) ...
#7 5.110 Selecting previously unselected package libdbus-1-3:amd64.
#7 5.110 Preparing to unpack .../1-libdbus-1-3_1.14.6-1_amd64.deb ...
#7 5.112 Unpacking libdbus-1-3:amd64 (1.14.6-1) ...
#7 5.145 Selecting previously unselected package dbus-bin.
#7 5.146 Preparing to unpack .../2-dbus-bin_1.14.6-1_amd64.deb ...
#7 5.148 Unpacking dbus-bin (1.14.6-1) ...
#7 5.173 Selecting previously unselected package dbus-session-bus-common.
#7 5.174 Preparing to unpack .../3-dbus-session-bus-common_1.14.6-1_all.deb ...
#7 5.176 Unpacking dbus-session-bus-common (1.14.6-1) ...
#7 5.207 Selecting previously unselected package dbus-daemon.
#7 5.208 Preparing to unpack .../4-dbus-daemon_1.14.6-1_amd64.deb ...
#7 5.210 Unpacking dbus-daemon (1.14.6-1) ...
#7 5.250 Selecting previously unselected package dbus-system-bus-common.
#7 5.251 Preparing to unpack .../5-dbus-system-bus-common_1.14.6-1_all.deb ...
#7 5.254 Unpacking dbus-system-bus-common (1.14.6-1) ...
#7 5.283 Selecting previously unselected package dbus.
#7 5.284 Preparing to unpack .../6-dbus_1.14.6-1_amd64.deb ...
#7 5.287 Unpacking dbus (1.14.6-1) ...
#7 5.319 Selecting previously unselected package libpython3.11-minimal:amd64.
#7 5.320 Preparing to unpack .../7-libpython3.11-minimal_3.11.2-6_amd64.deb ...
#7 5.322 Unpacking libpython3.11-minimal:amd64 (3.11.2-6) ...
#7 5.420 Selecting previously unselected package python3.11-minimal.
#7 5.422 Preparing to unpack .../8-python3.11-minimal_3.11.2-6_amd64.deb ...
#7 5.426 Unpacking python3.11-minimal (3.11.2-6) ...
#7 5.635 Setting up libpython3.11-minimal:amd64 (3.11.2-6) ...
#7 5.644 Setting up python3.11-minimal (3.11.2-6) ...
#7 6.291 Selecting previously unselected package python3-minimal.
#7 6.291 (Reading database ... (Reading database ... 5%(Reading database ... 10%(Reading database ... 15%(Reading database ... 20%(Reading database ... 25%(Reading database ... 30%(Reading database ... 35%(Reading database ... 40%(Reading database ... 45%(Reading database ... 50%(Reading database ... 55%(Reading database ... 60%(Reading database ... 65%(Reading database ... 70%(Reading database ... 75%(Reading database ... 80%(Reading database ... 85%(Reading database ... 90%(Reading database ... 95%(Reading database ... 100%(Reading database ... 8921 files and directories currently installed.)
#7 6.299 Preparing to unpack .../0-python3-minimal_3.11.2-1+b1_amd64.deb ...
#7 6.301 Unpacking python3-minimal (3.11.2-1+b1) ...
#7 6.322 Selecting previously unselected package media-types.
#7 6.323 Preparing to unpack .../1-media-types_10.0.0_all.deb ...
#7 6.325 Unpacking media-types (10.0.0) ...
#7 6.350 Selecting previously unselected package libncursesw6:amd64.
#7 6.350 Preparing to unpack .../2-libncursesw6_6.4-4_amd64.deb ...
#7 6.353 Unpacking libncursesw6:amd64 (6.4-4) ...
#7 6.396 Selecting previously unselected package libtirpc-common.
#7 6.396 Preparing to unpack .../3-libtirpc-common_1.3.3+ds-1_all.deb ...
#7 6.398 Unpacking libtirpc-common (1.3.3+ds-1) ...
#7 6.420 Selecting previously unselected package libtirpc3:amd64.
#7 6.422 Preparing to unpack .../4-libtirpc3_1.3.3+ds-1_amd64.deb ...
#7 6.424 Unpacking libtirpc3:amd64 (1.3.3+ds-1) ...
#7 6.452 Selecting previously unselected package libnsl2:amd64.
#7 6.453 Preparing to unpack .../5-libnsl2_1.3.0-2_amd64.deb ...
#7 6.456 Unpacking libnsl2:amd64 (1.3.0-2) ...
#7 6.481 Selecting previously unselected package libsqlite3-0:amd64.
#7 6.481 Preparing to unpack .../6-libsqlite3-0_3.40.1-2_amd64.deb ...
#7 6.483 Unpacking libsqlite3-0:amd64 (3.40.1-2) ...
#7 6.562 Selecting previously unselected package libpython3.11-stdlib:amd64.
#7 6.562 Preparing to unpack .../7-libpython3.11-stdlib_3.11.2-6_amd64.deb ...
#7 6.564 Unpacking libpython3.11-stdlib:amd64 (3.11.2-6) ...
#7 6.747 Selecting previously unselected package python3.11.
#7 6.748 Preparing to unpack .../8-python3.11_3.11.2-6_amd64.deb ...
#7 6.751 Unpacking python3.11 (3.11.2-6) ...
#7 6.781 Selecting previously unselected package libpython3-stdlib:amd64.
#7 6.781 Preparing to unpack .../9-libpython3-stdlib_3.11.2-1+b1_amd64.deb ...
#7 6.783 Unpacking libpython3-stdlib:amd64 (3.11.2-1+b1) ...
#7 6.813 Setting up python3-minimal (3.11.2-1+b1) ...
#7 6.967 Selecting previously unselected package python3.
#7 6.967 (Reading database ... (Reading database ... 5%(Reading database ... 10%(Reading database ... 15%(Reading database ... 20%(Reading database ... 25%(Reading database ... 30%(Reading database ... 35%(Reading database ... 40%(Reading database ... 45%(Reading database ... 50%(Reading database ... 55%(Reading database ... 60%(Reading database ... 65%(Reading database ... 70%(Reading database ... 75%(Reading database ... 80%(Reading database ... 85%(Reading database ... 90%(Reading database ... 95%(Reading database ... 100%(Reading database ... 9368 files and directories currently installed.)
#7 6.974 Preparing to unpack .../00-python3_3.11.2-1+b1_amd64.deb ...
#7 6.978 Unpacking python3 (3.11.2-1+b1) ...
#7 7.004 Selecting previously unselected package sgml-base.
#7 7.006 Preparing to unpack .../01-sgml-base_1.31_all.deb ...
#7 7.009 Unpacking sgml-base (1.31) ...
#7 7.047 Selecting previously unselected package libnss-systemd:amd64.
#7 7.048 Preparing to unpack .../02-libnss-systemd_252.6-1_amd64.deb ...
#7 7.052 Unpacking libnss-systemd:amd64 (252.6-1) ...
#7 7.097 Selecting previously unselected package libpam-systemd:amd64.
#7 7.097 Preparing to unpack .../03-libpam-systemd_252.6-1_amd64.deb ...
#7 7.099 Unpacking libpam-systemd:amd64 (252.6-1) ...
#7 7.140 Selecting previously unselected package systemd-timesyncd.
#7 7.140 Preparing to unpack .../04-systemd-timesyncd_252.6-1_amd64.deb ...
#7 7.142 Unpacking systemd-timesyncd (252.6-1) ...
#7 7.173 Selecting previously unselected package libglib2.0-0:amd64.
#7 7.173 Preparing to unpack .../05-libglib2.0-0_2.74.6-2_amd64.deb ...
#7 7.175 Unpacking libglib2.0-0:amd64 (2.74.6-2) ...
#7 7.299 Selecting previously unselected package shared-mime-info.
#7 7.301 Preparing to unpack .../06-shared-mime-info_2.2-1_amd64.deb ...
#7 7.303 Unpacking shared-mime-info (2.2-1) ...
#7 7.408 Selecting previously unselected package libcurl3-gnutls:amd64.
#7 7.408 Preparing to unpack .../07-libcurl3-gnutls_7.88.1-10_amd64.deb ...
#7 7.413 Unpacking libcurl3-gnutls:amd64 (7.88.1-10) ...
#7 7.459 Selecting previously unselected package libstemmer0d:amd64.
#7 7.460 Preparing to unpack .../08-libstemmer0d_2.2.0-2_amd64.deb ...
#7 7.462 Unpacking libstemmer0d:amd64 (2.2.0-2) ...
#7 7.496 Selecting previously unselected package libxmlb2:amd64.
#7 7.498 Preparing to unpack .../09-libxmlb2_0.3.10-2_amd64.deb ...
#7 7.500 Unpacking libxmlb2:amd64 (0.3.10-2) ...
#7 7.527 Selecting previously unselected package libyaml-0-2:amd64.
#7 7.529 Preparing to unpack .../10-libyaml-0-2_0.2.5-1_amd64.deb ...
#7 7.532 Unpacking libyaml-0-2:amd64 (0.2.5-1) ...
#7 7.559 Selecting previously unselected package libappstream4:amd64.
#7 7.560 Preparing to unpack .../11-libappstream4_0.16.1-2_amd64.deb ...
#7 7.563 Unpacking libappstream4:amd64 (0.16.1-2) ...
#7 7.610 Selecting previously unselected package appstream.
#7 7.610 Preparing to unpack .../12-appstream_0.16.1-2_amd64.deb ...
#7 7.612 Unpacking appstream (0.16.1-2) ...
#7 7.670 Selecting previously unselected package apt-transport-https.
#7 7.670 Preparing to unpack .../13-apt-transport-https_2.6.1_all.deb ...
#7 7.672 Unpacking apt-transport-https (2.6.1) ...
#7 7.692 Selecting previously unselected package dbus-user-session.
#7 7.694 Preparing to unpack .../14-dbus-user-session_1.14.6-1_amd64.deb ...
#7 7.696 Unpacking dbus-user-session (1.14.6-1) ...
#7 7.732 Selecting previously unselected package libassuan0:amd64.
#7 7.733 Preparing to unpack .../15-libassuan0_2.5.5-5_amd64.deb ...
#7 7.736 Unpacking libassuan0:amd64 (2.5.5-5) ...
#7 7.757 Selecting previously unselected package gpgconf.
#7 7.758 Preparing to unpack .../16-gpgconf_2.2.40-1.1_amd64.deb ...
#7 7.760 Unpacking gpgconf (2.2.40-1.1) ...
#7 7.796 Selecting previously unselected package libksba8:amd64.
#7 7.797 Preparing to unpack .../17-libksba8_1.6.3-2_amd64.deb ...
#7 7.799 Unpacking libksba8:amd64 (1.6.3-2) ...
#7 7.829 Selecting previously unselected package libnpth0:amd64.
#7 7.831 Preparing to unpack .../18-libnpth0_1.6-3_amd64.deb ...
#7 7.833 Unpacking libnpth0:amd64 (1.6-3) ...
#7 7.864 Selecting previously unselected package dirmngr.
#7 7.865 Preparing to unpack .../19-dirmngr_2.2.40-1.1_amd64.deb ...
#7 7.882 Unpacking dirmngr (2.2.40-1.1) ...
#7 7.934 Selecting previously unselected package distro-info-data.
#7 7.935 Preparing to unpack .../20-distro-info-data_0.58_all.deb ...
#7 7.937 Unpacking distro-info-data (0.58) ...
#7 7.960 Selecting previously unselected package libgirepository-1.0-1:amd64.
#7 7.960 Preparing to unpack .../21-libgirepository-1.0-1_1.74.0-3_amd64.deb ...
#7 7.963 Unpacking libgirepository-1.0-1:amd64 (1.74.0-3) ...
#7 7.987 Selecting previously unselected package gir1.2-glib-2.0:amd64.
#7 7.989 Preparing to unpack .../22-gir1.2-glib-2.0_1.74.0-3_amd64.deb ...
#7 7.991 Unpacking gir1.2-glib-2.0:amd64 (1.74.0-3) ...
#7 8.025 Selecting previously unselected package libpackagekit-glib2-18:amd64.
#7 8.026 Preparing to unpack .../23-libpackagekit-glib2-18_1.2.6-5_amd64.deb ...
#7 8.028 Unpacking libpackagekit-glib2-18:amd64 (1.2.6-5) ...
#7 8.060 Selecting previously unselected package gir1.2-packagekitglib-1.0.
#7 8.062 Preparing to unpack .../24-gir1.2-packagekitglib-1.0_1.2.6-5_amd64.deb ...
#7 8.065 Unpacking gir1.2-packagekitglib-1.0 (1.2.6-5) ...
#7 8.084 Selecting previously unselected package gnupg-l10n.
#7 8.085 Preparing to unpack .../25-gnupg-l10n_2.2.40-1.1_all.deb ...
#7 8.087 Unpacking gnupg-l10n (2.2.40-1.1) ...
#7 8.176 Selecting previously unselected package gnupg-utils.
#7 8.177 Preparing to unpack .../26-gnupg-utils_2.2.40-1.1_amd64.deb ...
#7 8.180 Unpacking gnupg-utils (2.2.40-1.1) ...
#7 8.241 Selecting previously unselected package gpg.
#7 8.243 Preparing to unpack .../27-gpg_2.2.40-1.1_amd64.deb ...
#7 8.245 Unpacking gpg (2.2.40-1.1) ...
#7 8.310 Selecting previously unselected package pinentry-curses.
#7 8.311 Preparing to unpack .../28-pinentry-curses_1.2.1-1_amd64.deb ...
#7 8.313 Unpacking pinentry-curses (1.2.1-1) ...
#7 8.340 Selecting previously unselected package gpg-agent.
#7 8.341 Preparing to unpack .../29-gpg-agent_2.2.40-1.1_amd64.deb ...
#7 8.344 Unpacking gpg-agent (2.2.40-1.1) ...
#7 8.396 Selecting previously unselected package gpg-wks-client.
#7 8.397 Preparing to unpack .../30-gpg-wks-client_2.2.40-1.1_amd64.deb ...
#7 8.399 Unpacking gpg-wks-client (2.2.40-1.1) ...
#7 8.430 Selecting previously unselected package gpg-wks-server.
#7 8.431 Preparing to unpack .../31-gpg-wks-server_2.2.40-1.1_amd64.deb ...
#7 8.433 Unpacking gpg-wks-server (2.2.40-1.1) ...
#7 8.463 Selecting previously unselected package gpgsm.
#7 8.465 Preparing to unpack .../32-gpgsm_2.2.40-1.1_amd64.deb ...
#7 8.467 Unpacking gpgsm (2.2.40-1.1) ...
#7 8.508 Selecting previously unselected package gnupg.
#7 8.510 Preparing to unpack .../33-gnupg_2.2.40-1.1_all.deb ...
#7 8.512 Unpacking gnupg (2.2.40-1.1) ...
#7 8.566 Selecting previously unselected package iso-codes.
#7 8.569 Preparing to unpack .../34-iso-codes_4.15.0-1_all.deb ...
#7 8.570 Unpacking iso-codes (4.15.0-1) ...
#7 8.898 Selecting previously unselected package libcap2-bin.
#7 8.902 Preparing to unpack .../35-libcap2-bin_1%3a2.66-4_amd64.deb ...
#7 8.909 Unpacking libcap2-bin (1:2.66-4) ...
#7 8.934 Selecting previously unselected package libduktape207:amd64.
#7 8.936 Preparing to unpack .../36-libduktape207_2.7.0-2_amd64.deb ...
#7 8.938 Unpacking libduktape207:amd64 (2.7.0-2) ...
#7 8.970 Selecting previously unselected package libelf1:amd64.
#7 8.972 Preparing to unpack .../37-libelf1_0.188-2.1_amd64.deb ...
#7 8.975 Unpacking libelf1:amd64 (0.188-2.1) ...
#7 9.010 Selecting previously unselected package libdw1:amd64.
#7 9.012 Preparing to unpack .../38-libdw1_0.188-2.1_amd64.deb ...
#7 9.014 Unpacking libdw1:amd64 (0.188-2.1) ...
#7 9.050 Selecting previously unselected package libglib2.0-data.
#7 9.051 Preparing to unpack .../39-libglib2.0-data_2.74.6-2_all.deb ...
#7 9.053 Unpacking libglib2.0-data (2.74.6-2) ...
#7 9.184 Selecting previously unselected package libglib2.0-bin.
#7 9.185 Preparing to unpack .../40-libglib2.0-bin_2.74.6-2_amd64.deb ...
#7 9.187 Unpacking libglib2.0-bin (2.74.6-2) ...
#7 9.226 Selecting previously unselected package libgpm2:amd64.
#7 9.227 Preparing to unpack .../41-libgpm2_1.20.7-10+b1_amd64.deb ...
#7 9.230 Unpacking libgpm2:amd64 (1.20.7-10+b1) ...
#7 9.251 Selecting previously unselected package libunwind8:amd64.
#7 9.252 Preparing to unpack .../42-libunwind8_1.6.2-3_amd64.deb ...
#7 9.255 Unpacking libunwind8:amd64 (1.6.2-3) ...
#7 9.283 Selecting previously unselected package libgstreamer1.0-0:amd64.
#7 9.285 Preparing to unpack .../43-libgstreamer1.0-0_1.22.0-2_amd64.deb ...
#7 9.287 Unpacking libgstreamer1.0-0:amd64 (1.22.0-2) ...
#7 9.404 Selecting previously unselected package libpam-cap:amd64.
#7 9.406 Preparing to unpack .../44-libpam-cap_1%3a2.66-4_amd64.deb ...
#7 9.408 Unpacking libpam-cap:amd64 (1:2.66-4) ...
#7 9.441 Selecting previously unselected package libpolkit-gobject-1-0:amd64.
#7 9.442 Preparing to unpack .../45-libpolkit-gobject-1-0_122-3_amd64.deb ...
#7 9.445 Unpacking libpolkit-gobject-1-0:amd64 (122-3) ...
#7 9.471 Selecting previously unselected package libpolkit-agent-1-0:amd64.
#7 9.472 Preparing to unpack .../46-libpolkit-agent-1-0_122-3_amd64.deb ...
#7 9.475 Unpacking libpolkit-agent-1-0:amd64 (122-3) ...
#7 9.495 Selecting previously unselected package lsb-release.
#7 9.497 Preparing to unpack .../47-lsb-release_12.0-1_all.deb ...
#7 9.499 Unpacking lsb-release (12.0-1) ...
#7 9.523 Selecting previously unselected package xml-core.
#7 9.525 Preparing to unpack .../48-xml-core_0.18+nmu1_all.deb ...
#7 9.534 Unpacking xml-core (0.18+nmu1) ...
#7 9.563 Selecting previously unselected package polkitd.
#7 9.564 Preparing to unpack .../49-polkitd_122-3_amd64.deb ...
#7 9.584 Unpacking polkitd (122-3) ...
#7 9.617 Selecting previously unselected package packagekit.
#7 9.618 Preparing to unpack .../50-packagekit_1.2.6-5_amd64.deb ...
#7 9.621 Unpacking packagekit (1.2.6-5) ...
#7 9.697 Selecting previously unselected package packagekit-tools.
#7 9.706 Preparing to unpack .../51-packagekit-tools_1.2.6-5_amd64.deb ...
#7 9.706 Unpacking packagekit-tools (1.2.6-5) ...
#7 9.728 Selecting previously unselected package python-apt-common.
#7 9.730 Preparing to unpack .../52-python-apt-common_2.6.0_all.deb ...
#7 9.732 Unpacking python-apt-common (2.6.0) ...
#7 9.761 Selecting previously unselected package python3-apt.
#7 9.762 Preparing to unpack .../53-python3-apt_2.6.0_amd64.deb ...
#7 9.764 Unpacking python3-apt (2.6.0) ...
#7 9.797 Selecting previously unselected package python3-blinker.
#7 9.799 Preparing to unpack .../54-python3-blinker_1.5-1_all.deb ...
#7 9.801 Unpacking python3-blinker (1.5-1) ...
#7 9.820 Selecting previously unselected package python3-cffi-backend:amd64.
#7 9.821 Preparing to unpack .../55-python3-cffi-backend_1.15.1-5+b1_amd64.deb ...
#7 9.823 Unpacking python3-cffi-backend:amd64 (1.15.1-5+b1) ...
#7 9.850 Selecting previously unselected package python3-cryptography.
#7 9.851 Preparing to unpack .../56-python3-cryptography_38.0.4-3_amd64.deb ...
#7 9.854 Unpacking python3-cryptography (38.0.4-3) ...
#7 9.939 Selecting previously unselected package python3-dbus.
#7 9.940 Preparing to unpack .../57-python3-dbus_1.3.2-4+b1_amd64.deb ...
#7 9.943 Unpacking python3-dbus (1.3.2-4+b1) ...
#7 9.979 Selecting previously unselected package python3-distro.
#7 9.981 Preparing to unpack .../58-python3-distro_1.8.0-1_all.deb ...
#7 9.983 Unpacking python3-distro (1.8.0-1) ...
#7 10.00 Selecting previously unselected package python3-gi.
#7 10.01 Preparing to unpack .../59-python3-gi_3.42.2-3+b1_amd64.deb ...
#7 10.01 Unpacking python3-gi (3.42.2-3+b1) ...
#7 10.05 Selecting previously unselected package python3-pyparsing.
#7 10.06 Preparing to unpack .../60-python3-pyparsing_3.0.9-1_all.deb ...
#7 10.06 Unpacking python3-pyparsing (3.0.9-1) ...
#7 10.09 Selecting previously unselected package python3-httplib2.
#7 10.09 Preparing to unpack .../61-python3-httplib2_0.20.4-3_all.deb ...
#7 10.09 Unpacking python3-httplib2 (0.20.4-3) ...
#7 10.11 Selecting previously unselected package python3-jwt.
#7 10.12 Preparing to unpack .../62-python3-jwt_2.6.0-1_all.deb ...
#7 10.12 Unpacking python3-jwt (2.6.0-1) ...
#7 10.14 Selecting previously unselected package python3-pkg-resources.
#7 10.14 Preparing to unpack .../63-python3-pkg-resources_66.1.1-1_all.deb ...
#7 10.14 Unpacking python3-pkg-resources (66.1.1-1) ...
#7 10.19 Selecting previously unselected package python3-lazr.uri.
#7 10.19 Preparing to unpack .../64-python3-lazr.uri_1.0.6-3_all.deb ...
#7 10.19 Unpacking python3-lazr.uri (1.0.6-3) ...
#7 10.21 Selecting previously unselected package python3-wadllib.
#7 10.21 Preparing to unpack .../65-python3-wadllib_1.3.6-4_all.deb ...
#7 10.22 Unpacking python3-wadllib (1.3.6-4) ...
#7 10.26 Selecting previously unselected package python3-oauthlib.
#7 10.26 Preparing to unpack .../66-python3-oauthlib_3.2.2-1_all.deb ...
#7 10.26 Unpacking python3-oauthlib (3.2.2-1) ...
#7 10.29 Selecting previously unselected package python3-six.
#7 10.29 Preparing to unpack .../67-python3-six_1.16.0-4_all.deb ...
#7 10.30 Unpacking python3-six (1.16.0-4) ...
#7 10.32 Selecting previously unselected package python3-lazr.restfulclient.
#7 10.32 Preparing to unpack .../68-python3-lazr.restfulclient_0.14.5-1_all.deb ...
#7 10.32 Unpacking python3-lazr.restfulclient (0.14.5-1) ...
#7 10.35 Selecting previously unselected package python3-software-properties.
#7 10.35 Preparing to unpack .../69-python3-software-properties_0.99.30-4_all.deb ...
#7 10.35 Unpacking python3-software-properties (0.99.30-4) ...
#7 10.37 Selecting previously unselected package software-properties-common.
#7 10.38 Preparing to unpack .../70-software-properties-common_0.99.30-4_all.deb ...
#7 10.38 Unpacking software-properties-common (0.99.30-4) ...
#7 10.41 Selecting previously unselected package xdg-user-dirs.
#7 10.41 Preparing to unpack .../71-xdg-user-dirs_0.18-1_amd64.deb ...
#7 10.42 Unpacking xdg-user-dirs (0.18-1) ...
#7 10.45 Setting up libksba8:amd64 (1.6.3-2) ...
#7 10.46 Setting up media-types (10.0.0) ...
#7 10.47 Setting up systemd-sysv (252.6-1) ...
#7 10.48 Setting up libgpm2:amd64 (1.20.7-10+b1) ...
#7 10.48 Setting up apt-transport-https (2.6.1) ...
#7 10.49 Setting up xdg-user-dirs (0.18-1) ...
#7 10.51 Setting up libyaml-0-2:amd64 (0.2.5-1) ...
#7 10.52 Setting up libglib2.0-0:amd64 (2.74.6-2) ...
#7 10.52 No schema files found: doing nothing.
#7 10.53 Setting up distro-info-data (0.58) ...
#7 10.53 Setting up libtirpc-common (1.3.3+ds-1) ...
#7 10.54 Setting up libxmlb2:amd64 (0.3.10-2) ...
#7 10.55 Setting up libsqlite3-0:amd64 (3.40.1-2) ...
#7 10.56 Setting up libpackagekit-glib2-18:amd64 (1.2.6-5) ...
#7 10.57 Setting up libnss-systemd:amd64 (252.6-1) ...
#7 10.58 Setting up libcurl3-gnutls:amd64 (7.88.1-10) ...
#7 10.58 Setting up libnpth0:amd64 (1.6-3) ...
#7 10.59 Setting up libassuan0:amd64 (2.5.5-5) ...
#7 10.60 Setting up libunwind8:amd64 (1.6.2-3) ...
#7 10.60 Setting up libcap2-bin (1:2.66-4) ...
#7 10.61 Setting up libglib2.0-data (2.74.6-2) ...
#7 10.61 Setting up gnupg-l10n (2.2.40-1.1) ...
#7 10.62 Setting up libdbus-1-3:amd64 (1.14.6-1) ...
#7 10.63 Setting up shared-mime-info (2.2-1) ...
#7 11.92 Setting up systemd-timesyncd (252.6-1) ...
#7 11.93 Creating group 'systemd-timesync' with GID 997.
#7 11.93 Creating user 'systemd-timesync' (systemd Time Synchronization) with UID 997 and GID 997.
#7 12.05 Created symlink /etc/systemd/system/dbus-org.freedesktop.timesync1.service â†’ /lib/systemd/system/systemd-timesyncd.service.
#7 12.05 Created symlink /etc/systemd/system/sysinit.target.wants/systemd-timesyncd.service â†’ /lib/systemd/system/systemd-timesyncd.service.
#7 12.06 Setting up libncursesw6:amd64 (6.4-4) ...
#7 12.06 Setting up python-apt-common (2.6.0) ...
#7 12.07 Setting up libduktape207:amd64 (2.7.0-2) ...
#7 12.08 Setting up dbus-session-bus-common (1.14.6-1) ...
#7 12.09 Setting up gpgconf (2.2.40-1.1) ...
#7 12.09 Setting up libgirepository-1.0-1:amd64 (1.74.0-3) ...
#7 12.10 Setting up sgml-base (1.31) ...
#7 12.12 Setting up libstemmer0d:amd64 (2.2.0-2) ...
#7 12.13 Setting up lsb-release (12.0-1) ...
#7 12.14 Setting up dbus-system-bus-common (1.14.6-1) ...
#7 12.20 Setting up libelf1:amd64 (0.188-2.1) ...
#7 12.21 Setting up libpam-cap:amd64 (1:2.66-4) ...
#7 12.29 debconf: unable to initialize frontend: Dialog
#7 12.29 debconf: (TERM is not set, so the dialog frontend is not usable.)
#7 12.29 debconf: falling back to frontend: Readline
#7 12.29 debconf: unable to initialize frontend: Readline
#7 12.29 debconf: (Can't locate Term/ReadLine.pm in @INC (you may need to install the Term::ReadLine module) (@INC contains: /etc/perl /usr/local/lib/x86_64-linux-gnu/perl/5.36.0 /usr/local/share/perl/5.36.0 /usr/lib/x86_64-linux-gnu/perl5/5.36 /usr/share/perl5 /usr/lib/x86_64-linux-gnu/perl-base /usr/lib/x86_64-linux-gnu/perl/5.36 /usr/share/perl/5.36 /usr/local/lib/site_perl) at /usr/share/perl5/Debconf/FrontEnd/Readline.pm line 7.)
#7 12.29 debconf: falling back to frontend: Teletype
#7 12.34 Setting up iso-codes (4.15.0-1) ...
#7 12.35 Setting up dbus-bin (1.14.6-1) ...
#7 12.36 Setting up gpg (2.2.40-1.1) ...
#7 12.36 Setting up libpolkit-gobject-1-0:amd64 (122-3) ...
#7 12.37 Setting up gnupg-utils (2.2.40-1.1) ...
#7 12.38 Setting up pinentry-curses (1.2.1-1) ...
#7 12.39 Setting up libtirpc3:amd64 (1.3.3+ds-1) ...
#7 12.39 Setting up libdw1:amd64 (0.188-2.1) ...
#7 12.40 Setting up gpg-agent (2.2.40-1.1) ...
#7 12.52 Created symlink /etc/systemd/user/sockets.target.wants/gpg-agent-browser.socket â†’ /usr/lib/systemd/user/gpg-agent-browser.socket.
#7 12.62 Created symlink /etc/systemd/user/sockets.target.wants/gpg-agent-extra.socket â†’ /usr/lib/systemd/user/gpg-agent-extra.socket.
#7 12.73 Created symlink /etc/systemd/user/sockets.target.wants/gpg-agent-ssh.socket â†’ /usr/lib/systemd/user/gpg-agent-ssh.socket.
#7 12.84 Created symlink /etc/systemd/user/sockets.target.wants/gpg-agent.socket â†’ /usr/lib/systemd/user/gpg-agent.socket.
#7 12.85 Setting up gpgsm (2.2.40-1.1) ...
#7 12.86 Setting up libglib2.0-bin (2.74.6-2) ...
#7 12.86 Setting up dbus-daemon (1.14.6-1) ...
#7 12.88 Setting up libappstream4:amd64 (0.16.1-2) ...
#7 12.88 Setting up dirmngr (2.2.40-1.1) ...
#7 12.99 Created symlink /etc/systemd/user/sockets.target.wants/dirmngr.socket â†’ /usr/lib/systemd/user/dirmngr.socket.
#7 13.00 Setting up appstream (0.16.1-2) ...
#7 13.03 ? Metadata cache was updated successfully.
#7 13.04 Setting up dbus (1.14.6-1) ...
#7 13.06 invoke-rc.d: could not determine current runlevel
#7 13.07 invoke-rc.d: policy-rc.d denied execution of start.
#7 13.07 Setting up gir1.2-glib-2.0:amd64 (1.74.0-3) ...
#7 13.08 Setting up gpg-wks-server (2.2.40-1.1) ...
#7 13.08 Setting up xml-core (0.18+nmu1) ...
#7 13.25 Setting up libnsl2:amd64 (1.3.0-2) ...
#7 13.26 Setting up libpam-systemd:amd64 (252.6-1) ...
#7 13.35 debconf: unable to initialize frontend: Dialog
#7 13.35 debconf: (TERM is not set, so the dialog frontend is not usable.)
#7 13.35 debconf: falling back to frontend: Readline
#7 13.35 debconf: unable to initialize frontend: Readline
#7 13.35 debconf: (Can't locate Term/ReadLine.pm in @INC (you may need to install the Term::ReadLine module) (@INC contains: /etc/perl /usr/local/lib/x86_64-linux-gnu/perl/5.36.0 /usr/local/share/perl/5.36.0 /usr/lib/x86_64-linux-gnu/perl5/5.36 /usr/share/perl5 /usr/lib/x86_64-linux-gnu/perl-base /usr/lib/x86_64-linux-gnu/perl/5.36 /usr/share/perl/5.36 /usr/local/lib/site_perl) at /usr/share/perl5/Debconf/FrontEnd/Readline.pm line 7.)
#7 13.35 debconf: falling back to frontend: Teletype
#7 13.40 Setting up libpolkit-agent-1-0:amd64 (122-3) ...
#7 13.40 Setting up libgstreamer1.0-0:amd64 (1.22.0-2) ...
#7 13.41 Setcap worked! gst-ptp-helper is not suid!
#7 13.41 Setting up gpg-wks-client (2.2.40-1.1) ...
#7 13.42 Setting up libpython3.11-stdlib:amd64 (3.11.2-6) ...
#7 13.42 Setting up gir1.2-packagekitglib-1.0 (1.2.6-5) ...
#7 13.43 Setting up dbus-user-session (1.14.6-1) ...
#7 13.44 Setting up gnupg (2.2.40-1.1) ...
#7 13.45 Setting up libpython3-stdlib:amd64 (3.11.2-1+b1) ...
#7 13.45 Setting up python3.11 (3.11.2-6) ...
#7 14.12 Setting up python3 (3.11.2-1+b1) ...
#7 14.13 running python rtupdate hooks for python3.11...
#7 14.13 running python post-rtupdate hooks for python3.11...
#7 14.21 Setting up python3-six (1.16.0-4) ...
#7 14.34 Setting up python3-pyparsing (3.0.9-1) ...
#7 14.51 Setting up python3-gi (3.42.2-3+b1) ...
#7 14.68 Setting up python3-httplib2 (0.20.4-3) ...
#7 14.82 Setting up python3-cffi-backend:amd64 (1.15.1-5+b1) ...
#7 14.82 Setting up python3-blinker (1.5-1) ...
#7 14.95 Setting up python3-pkg-resources (66.1.1-1) ...
#7 15.19 Setting up python3-dbus (1.3.2-4+b1) ...
#7 15.32 Setting up python3-distro (1.8.0-1) ...
#7 15.46 Setting up python3-jwt (2.6.0-1) ...
#7 15.59 Setting up python3-apt (2.6.0) ...
#7 15.75 Setting up python3-lazr.uri (1.0.6-3) ...
#7 15.86 Setting up python3-cryptography (38.0.4-3) ...
#7 16.10 Setting up python3-wadllib (1.3.6-4) ...
#7 16.23 Setting up python3-oauthlib (3.2.2-1) ...
#7 16.40 Setting up python3-lazr.restfulclient (0.14.5-1) ...
#7 16.53 Setting up python3-software-properties (0.99.30-4) ...
#7 16.66 Processing triggers for libc-bin (2.36-9) ...
#7 16.68 Processing triggers for systemd (252.6-1) ...
#7 16.69 Processing triggers for sgml-base (1.31) ...
#7 16.70 Setting up polkitd (122-3) ...
#7 16.71 Creating group 'polkitd' with GID 996.
#7 16.71 Creating user 'polkitd' (polkit) with UID 996 and GID 996.
#7 16.75 invoke-rc.d: could not determine current runlevel
#7 16.76 invoke-rc.d: policy-rc.d denied execution of reload.
#7 16.86 start-stop-daemon: unable to stat /usr/libexec/polkitd (No such file or directory)
#7 16.86 Setting up packagekit (1.2.6-5) ...
#7 16.89 invoke-rc.d: could not determine current runlevel
#7 16.89 invoke-rc.d: policy-rc.d denied execution of force-reload.
#7 16.89 Failed to open connection to "system" message bus: Failed to connect to socket /run/dbus/system_bus_socket: No such file or directory
#7 16.99 Created symlink /etc/systemd/user/sockets.target.wants/pk-debconf-helper.socket â†’ /usr/lib/systemd/user/pk-debconf-helper.socket.
#7 17.00 Setting up packagekit-tools (1.2.6-5) ...
#7 17.00 Setting up software-properties-common (0.99.30-4) ...
#7 17.14 Processing triggers for dbus (1.14.6-1) ...
#7 17.35 Traceback (most recent call last):
#7 17.35   File "/usr/bin/add-apt-repository", line 362, in <module>
#7 17.35     sys.exit(0 if addaptrepo.main() else 1)
#7 17.35                   ^^^^^^^^^^^^^^^^^
#7 17.35   File "/usr/bin/add-apt-repository", line 345, in main
#7 17.35     shortcut = handler(source, **shortcut_params)
#7 17.35                ^^^^^^^^^^^^^^^^^^^^^^^^^^^^^^^^^^
#7 17.35   File "/usr/lib/python3/dist-packages/softwareproperties/shortcuts.py", line 40, in shortcut_handler
#7 17.35     return handler(shortcut, **kwargs)
#7 17.35            ^^^^^^^^^^^^^^^^^^^^^^^^^^^
#7 17.35   File "/usr/lib/python3/dist-packages/softwareproperties/ppa.py", line 86, in __init__
#7 17.35     if self.lpppa.publish_debug_symbols:
#7 17.35        ^^^^^^^^^^
#7 17.35   File "/usr/lib/python3/dist-packages/softwareproperties/ppa.py", line 126, in lpppa
#7 17.35     self._lpppa = self.lpteam.getPPAByName(name=self.ppaname)
#7 17.35                   ^^^^^^^^^^^
#7 17.35   File "/usr/lib/python3/dist-packages/softwareproperties/ppa.py", line 113, in lpteam
#7 17.35     self._lpteam = self.lp.people(self.teamname)
#7 17.35                    ^^^^^^^^^^^^^^
#7 17.35 AttributeError: 'NoneType' object has no attribute 'people'
#7 ERROR: process "/bin/sh -c apt-get install software-properties-common apt-transport-https -y && add-apt-repository ppa:ondrej/php -y" did not complete successfully: exit code: 1
------
 > [3/5] RUN  apt-get install software-properties-common apt-transport-https -y && add-apt-repository ppa:ondrej/php -y:
#7 17.35   File "/usr/lib/python3/dist-packages/softwareproperties/ppa.py", line 86, in __init__
#7 17.35     if self.lpppa.publish_debug_symbols:
#7 17.35        ^^^^^^^^^^
#7 17.35   File "/usr/lib/python3/dist-packages/softwareproperties/ppa.py", line 126, in lpppa
#7 17.35     self._lpppa = self.lpteam.getPPAByName(name=self.ppaname)
#7 17.35                   ^^^^^^^^^^^
#7 17.35   File "/usr/lib/python3/dist-packages/softwareproperties/ppa.py", line 113, in lpteam
#7 17.35     self._lpteam = self.lp.people(self.teamname)
#7 17.35                    ^^^^^^^^^^^^^^
#7 17.35 AttributeError: 'NoneType' object has no attribute 'people'
------
Dockerfile:3
--------------------
   1 |     FROM nginx
   2 |     RUN  apt-get update &&  apt-get upgrade -y 
   3 | >>> RUN  apt-get install software-properties-common apt-transport-https -y && add-apt-repository ppa:ondrej/php -y
   4 |     RUN  apt-get install php8.1-fpm php8.1-common php8.1-mysql php8.1-xml php8.1-xmlrpc php8.1-curl php8.1-gd php8.1-imagick php8.1-cli php8.1-dev php8.1-imap php8.1-mbstring php8.1-opcache php8.1-soap php8.1-zip php8.1-intl php8.1-bcmath
   5 |     ADD . /var/www/html
--------------------
ERROR: failed to solve: process "/bin/sh -c apt-get install software-properties-common apt-transport-https -y && add-apt-repository ppa:ondrej/php -y" did not complete successfully: exit code: 1
[8mha:////4HaqryBN1hWavWoF6ztYOBxfSTcSK1VDf/PQNus0DJFTAAAApB+LCAAAAAAAAP9tjTEOwjAQBC9BFLSUPMIR6RCiSmul4QUmPowT687YDknFi/gaf8AiEhVbrHa2mdcb1jHAiYMRPdJgKXZWeDeavMTEYbg6nkTPF9ExRXYoWpxa1tgs2HJCWFKUsJKwQeocR0smwVb26qEqp8hU5xTyd5RQWn2HJxQym5MK6QtzgN1t1JHp5/krgNn7BGVd59ofPoukFhO+AAAA[0m[Pipeline] }
[8mha:////4JV/g4nXuVvr5cIrKBCKFUIKv1FsMQtdKpPvGihpImijAAAApR+LCAAAAAAAAP9tjTEOwjAQBC9BFLSUPOIioEFCqWgtN7zAJMY4se6C7eBUvIiv8QcsIlGxxWpnm3m9YRk81OwNdpp6S6GxOLjR5IWJfX91nLDjCzZMgZ1GqZPkVp9mlBw1zClKWAhYaWocB0smwlp06qEqp8hU5+jzdxRQ2vYOTyhENkfl4xcmD5vb2Aamn+evAKZhiFDu9rm2hw+4R02vvgAAAA==[0m[Pipeline] // stage
[8mha:////4KOBugpLwVMmlRB/oXt+8G4N5VrfH0kac8lM5r02/AYkAAAApx+LCAAAAAAAAP9tjTEOwjAUQ3+LOrAycohURWyIqWvUhROEJoSk0f8lSUknTsTVuAOBSkx4sGxL1nu+oAoejuQ1swoHg6E3bHSTzokl8sPFUWKWzqwnDOQU61TqSKp2qR1FBYuKElYc1gp7R8GgjrDhVtxF7QTq+hR93g4cSiNv8ICCZ3IUPn7L7GF7nWQg/HH+AmAeI5RNk223/zyrN+/1G3zCAAAA[0m[Pipeline] stage
[8mha:////4N9UqpvuJ9aAheqqM5Pp117hfj64FxMZ7RyBIbieNQ4BAAAApx+LCAAAAAAAAP9tjTEOwjAUQ3+LOrAycohUQjAhpq5RFk4QmhDSRv+Xn5R24kRcjTvQUokJD5ZtyXqvNxSR4UTsRGOx9RhrL7rQuymJgbi9BhpEQxdRE0YKVig7KDK2WqqiZGFRlsNKwtpiHSh6dAk2stEPXQaNrjwnnrajhNybOzwhkxM5aU7fMjJsb72JhD/OXwCMXYJ8t5/tMD+LD/hYjrHCAAAA[0m[Pipeline] { (Post Build)
Stage "Post Build" skipped due to earlier failure(s)
[8mha:////4IIVaKGTL5cVzHYMn2N/502qWPq79+76ywYgd2/3yrSCAAAApR+LCAAAAAAAAP9tjTEOwjAQBC9BFLSUPOIiIUGDqNJabniBiY1xYt0Z2yGpeBFf4w8EIlGxxWpnm3m+YJkiHDlabA11jlLjMPjeTgsHjt3F84Atn7FhSuwNSjNI1qaeUXI2MKcoYSFgZajxnBzZDGvRqruqvCJbnXKcvoOA0ukbPKAQkzmrmL8wRthce52Yfp6/AhhDyFBu95/avQF1+RyqvgAAAA==[0m[Pipeline] }
[8mha:////4PYeXk3koHeth8k+Wue19bRGyOkwMmGQCQ2u6wrktibXAAAApR+LCAAAAAAAAP9tjTEOwjAQBC9BFLSUPOIiISQKRJXWcsMLTGyME+vO2A5JxYv4Gn8gEImKLVY728zzBcsU4cjRYmuoc5Qah8H3dlo4cOwungds+YwNU2JvUJpBsjb1jJKzgTlFCQsBK0ON5+TIZliLVt1V5RXZ6pTj9B0ElE7f4AGFmMxZxfyFMcLm2uvE9PP8FcAYQoZyu//U7g1GGkcWvgAAAA==[0m[Pipeline] // stage
[8mha:////4Kfd0l9ApfcWuxzplLeSoeNrjCGWkcjgw1Iquu8hBv5YAAAAqB+LCAAAAAAAAP9tjTEOwjAUQ3+LOrAycohUZUJCTF2jLpwgNCEkjf4vSUo6cSKuxh0IVGLCg2Vbst7zBVXwcCSvmVU4GAy9YaObdE4skR8ujhKzdGY9YSCnWKdSR1K1S+0oKlhUlLDisFbYOwoGdYQNt+IuaidQ16fo83bgUBp5gwcUPJOj8PFbZg/b6yQD4Y/zFwDzGKFsmmy7/edZvQGUNdkLwgAAAA==[0m[Pipeline] stage
[8mha:////4EAsLvCLqQWm8CGY+jH8qlHd6+3XhzALFEtydtbNmaaGAAAApx+LCAAAAAAAAP9tjTEOwjAUQ3+LOrAycohUYgIhpq5RFk4QmhDSRv+Xn5R24kRcjTvQUokJD5ZtyXqvNxSR4UTsRGOx9RhrL7rQuymJgbi9BhpEQxdRE0YKVig7KDK2WqqiZGFRlsNKwtpiHSh6dAk2stEPXQaNrjwnnrajhNybOzwhkxM5aU7fMjJsb72JhD/OXwCMXYJ8t5/tMD+LD0QKVszCAAAA[0m[Pipeline] { (Testing ....)
Stage "Testing ...." skipped due to earlier failure(s)
[8mha:////4AV4UUCSGd4gMfF3kB+9vWRqhe0iDXdH2Rl4CH+n/w3vAAAApR+LCAAAAAAAAP9tjTEOwjAQBC9BFLSUPOKCoEIoFa3lhheYxBgn1l2wHZyKF/E1/oBFJCq2WO1sM683LIOHmr3BTlNvKTQWBzeavDCx76+OE3Z8wYYpsNModZLc6tOMkqOGOUUJCwErTY3jYMlEWItOPVTlFJnqHH3+jgJK297hCYXI5qh8/MLkYXMb28D08/wVwDQMEcr9Ntfu8AH3XYTTvgAAAA==[0m[Pipeline] }
[8mha:////4Kx2G+ChaICytvGylrwIHhsm6S+xJ1mpWIAxuAyKvLn2AAAApR+LCAAAAAAAAP9tjTEOwjAQBC9BFLSUPOIioEFCqWgtN7zAJMY4se6C7eBUvIiv8QcsIlGxxWpnm3m9YRk81OwNdpp6S6GxOLjR5IWJfX91nLDjCzZMgZ1GqZPkVp9mlBw1zClKWAhYaWocB0smwlp06qEqp8hU5+jzdxRQ2vYOTyhENkfl4xcmD5vb2Aamn+evAKZhiFDut7l2hw/Evt9vvgAAAA==[0m[Pipeline] // stage
[8mha:////4CsqyrWwjiVBBJOVQlAuWqoatfNyVH4Ka/LoRLg5sP4HAAAApx+LCAAAAAAAAP9tjTEOwjAUQ3+LOrAycohUhRExdY26cILQhJA0+r8kKenEibgadyBQiQkPlm3Jes8XVMHDkbxmVuFgMPSGjW7SObFEfrg4SszSmfWEgZxinUodSdUutaOoYFFRworDWmHvKBjUETbciruonUBdn6LP24FDaeQNHlDwTI7Cx2+ZPWyvkwyEP85fAMxjhLJpsu13n2f1BkYdNQzCAAAA[0m[Pipeline] stage
[8mha:////4LStwwbQfvb3h2Q9e08Y5sblFoPMkvgiL++SVeg/+yRrAAAAph+LCAAAAAAAAP9tjTEOwjAUQ3+DOrAycohUoiNiYo26cILQhJA0+r9NUtKJE3E17kBLJSY8WLYl673eUMYAJwqGO42dxdha3vvRzIlnCt3NU+aOrrwljOQ1b3RuSOnzWhtKGlYVDDYCthpbT9GiSbATTj5k5SWa6pLCvB0FMKsGeEIhZnKSIX3LFGB/H1Uk/HH+AmDqE7D6sFi9PMsPfTawssIAAAA=[0m[Pipeline] { (Deploying ...)
Stage "Deploying ..." skipped due to earlier failure(s)
[8mha:////4GblH+hV2yDhfXDUWo13+lRpcLwGnRVDAAQYgt/GIh41AAAAox+LCAAAAAAAAP9tjTESwiAURH/iWNhaeghSxM6xsmVoPAEmiBDmfwJEUnkir+YdRDNj5RY7+7Z5zxesY4AjBc2swsFg7AzzbtJlsUxhuDrKzNKFdYSRnGJCZUG9Oi0oKClYUtWw4rBR2DmKBnWCLbfyLhsnUTfnFMp34FCbfoQHVLyYkwzpC3OA3W3qI+HP81cAs/cJ6nb/qfYNvsfbsb4AAAA=[0m[Pipeline] }
[8mha:////4GTTSkEcywVOL86fpdOwArvrflP3if0vKJzrwuqCbxc0AAAApB+LCAAAAAAAAP9tjTEOwjAQBC9BFLSUPOIigagQVVrLDS8wsTFOrDtjOyQVL+Jr/IFAJCq2WO1sM88XLFOEI0eLraHOUWocBt/baeHAsbt4HrDlMzZMib1BaQbJ2tQzSs4G5hQlLASsDDWekyObYS1adVeVV2SrU47TdxBQOn2DBxRiMmcV8xfGCJtrrxPTz/NXAGMIGcrd/lPbN40kgA2+AAAA[0m[Pipeline] // stage
[8mha:////4Cwil2/uT4vmqBs2CeCAWTqoNjqeagwqLMptAYLoE6EMAAAApR+LCAAAAAAAAP9tjTEOwjAQBC9BFLSUPOKiCIkGUaW10vACExvjxLoztkNS8SK+xh+wiETFFqudbeb1hnUMcOJgsNc0WIqdRe9GkxdOHIar4wl7vmDHFNlpbPXUstLNgi0nDUuKElYCNpo6x9GSSbAVvXzIykky1TmF/B0FlFbd4QmFyOYkQ/rCHGB3G1Vk+nn+CmD2PkG5P+Sq6w8bZSsgvgAAAA==[0m[Pipeline] }
[8mha:////4Kg0Z/w+u/yjNA+TUNmMV4BpNsgdgzuJMqNpOujln6R6AAAApR+LCAAAAAAAAP9tjTEOwjAQBC9BFLSUPOICoqBAqWgtN7zAJMY4se6C7eBUvIiv8QcsIlGxxWpnm3m9YRk81OwNdpp6S6GxOLjR5IWJfX91nLDjCzZMgZ1GqZPkVp9mlBw1zClKWAhYaWocB0smwlp06qEqp8hU5+jzdxRQ2vYOTyhENkfl4xcmD5vb2Aamn+evAKZhiFDuD7l22w8ohnCcvgAAAA==[0m[Pipeline] // withEnv
[8mha:////4BY6Hk0qF351V2fAq+sGhuY1CidgXpazfrM8KtyT6+nTAAAApB+LCAAAAAAAAP9tjTEOwjAQBDdBFLSUPMIpoEBCVLRWGl5gEmOcWHfBvpBUvIiv8QciIlGx1c4083pjmSKOHJ1qLLWeUuVVF3o3PTVwbK+BB9XwRVVMiYNVpR1Kru1pxpLFYl6WY6GxslQFTp6cYK0b8zBFMOSKs8TJHTRyX9/xRKanspgoXxgjNre+Tky/zt8Axq4T5Nu9INt9AE/B/a+9AAAA[0m[Pipeline] }
[8mha:////4KlLWTBY8dybvLzvdgPsA2T20x6Y5SePI9i0upTUZWSQAAAAox+LCAAAAAAAAP9tjTESgjAQRT84FraWHiIUVI5jZZuh8QQRYgxkdjFZhMoTeTXvICMzVv7qv9e81xvrFHHk6FRrqfOUaq/6MLj5qZFjdw08qpYvqmZKHKyq7FhxY08LViwWy7IcK42NpTpw8uQEW92ahymCIVecJc7uoJH75o4nMj2XxUT5whSxuw1NYvp1/gYw9b0gL/eCrPwAXH35DL0AAAA=[0m[Pipeline] // node
[8mha:////4FUrQScSsmBIxoZo8RXO5Q0iKiqjGY7KIPVXc3Lp1csAAAAAox+LCAAAAAAAAP9tjTEOwjAQBDdBFLSUPMJBiA5R0VppeIFJjHFi3QX7QlLxIr7GH4iIRMVWO9PM641lijhydKqx1HpKlVdd6N301MCxvQYeVMMXVTElDlaVdii5tqcZSxaLeVmOhcbKUhU4eXKCtW7MwxTBkCvOEid30Mh9fccTmZ7KYqJ8YYzY3Po6Mf06fwMYu06Q77eCbPcBAx/ra70AAAA=[0m[Pipeline] End of Pipeline
ERROR: script returned exit code 1
Finished: FAILURE
